function power(num , pow){
    let promise = new Promise((res, rej)=>{
        setTimeout(()=>{
        res(num ** pow); 
    },3000)
    })   

    return promise;
}
undefined
// AJAX
undefined
let http = new XMLHttpRequest();
undefined
function doAjaxCall(){
    let http = new XMLHttpRequest();
}
undefined
function doAjaxCall(){
    let http = new XMLHttpRequest();
    http.onreadystatechange = function(){
        if(this.readyState == 4){
            console.log(this.response);
        }
    }

    http.open("GET",'https://fakestoreapi.com/products' , true);
    http.send();
}
undefined
doAjaxCall();
undefined
VM547:5 [{"id":1,"title":"Fjallraven - Foldsack No. 1 Backpack, Fits 15 Laptops","price":109.95,"description":"Your perfect pack for everyday use and walks in the forest. Stash your laptop (up to 15 inches) in the padded sleeve, your everyday","category":"men's clothing","image":"https://fakestoreapi.com/img/81fPKd-2AYL._AC_SL1500_.jpg","rating":{"rate":3.9,"count":120}},{"id":2,"title":"Mens Casual Premium Slim Fit T-Shirts ","price":22.3,"description":"Slim-fitting style, contrast raglan long sleeve, three-button henley placket, light weight & soft fabric for breathable and comfortable wearing. And Solid stitched shirts with round neck made for durability and a great fit for casual fashion wear and diehard baseball fans. The Henley style round neckline includes a three-button placket.","category":"men's clothing","image":"https://fakestoreapi.com/img/71-3HjGNDUL._AC_SY879._SX._UX._SY._UY_.jpg","rating":{"rate":4.1,"count":259}},{"id":3,"title":"Mens Cotton Jacket","price":55.99,"description":"great outerwear jackets for Spring/Autumn/Winter, suitable for many occasions, such as working, hiking, camping, mountain/rock climbing, cycling, traveling or other outdoors. Good gift choice for you or your family member. A warm hearted love to Father, husband or son in this thanksgiving or Christmas Day.","category":"men's clothing","image":"https://fakestoreapi.com/img/71li-ujtlUL._AC_UX679_.jpg","rating":{"rate":4.7,"count":500}},{"id":4,"title":"Mens Casual Slim Fit","price":15.99,"description":"The color could be slightly different between on the screen and in practice. / Please note that body builds vary by person, therefore, detailed size information should be reviewed below on the product description.","category":"men's clothing","image":"https://fakestoreapi.com/img/71YXzeOuslL._AC_UY879_.jpg","rating":{"rate":2.1,"count":430}},{"id":5,"title":"John Hardy Women's Legends Naga Gold & Silver Dragon Station Chain Bracelet","price":695,"description":"From our Legends Collection, the Naga was inspired by the mythical water dragon that protects the ocean's pearl. Wear facing inward to be bestowed with love and abundance, or outward for protection.","category":"jewelery","image":"https://fakestoreapi.com/img/71pWzhdJNwL._AC_UL640_QL65_ML3_.jpg","rating":{"rate":4.6,"count":400}},{"id":6,"title":"Solid Gold Petite Micropave ","price":168,"description":"Satisfaction Guaranteed. Return or exchange any order within 30 days.Designed and sold by Hafeez Center in the United States. Satisfaction Guaranteed. Return or exchange any order within 30 days.","category":"jewelery","image":"https://fakestoreapi.com/img/61sbMiUnoGL._AC_UL640_QL65_ML3_.jpg","rating":{"rate":3.9,"count":70}},{"id":7,"title":"White Gold Plated Princess","price":9.99,"description":"Classic Created Wedding Engagement Solitaire Diamond Promise Ring for Her. Gifts to spoil your love more for Engagement, Wedding, Anniversary, Valentine's Day...","category":"jewelery","image":"https://fakestoreapi.com/img/71YAIFU48IL._AC_UL640_QL65_ML3_.jpg","rating":{"rate":3,"count":400}},{"id":8,"title":"Pierced Owl Rose Gold Plated Stainless Steel Double","price":10.99,"description":"Rose Gold Plated Double Flared Tunnel Plug Earrings. Made of 316L Stainless Steel","category":"jewelery","image":"https://fakestoreapi.com/img/51UDEzMJVpL._AC_UL640_QL65_ML3_.jpg","rating":{"rate":1.9,"count":100}},{"id":9,"title":"WD 2TB Elements Portable External Hard Drive - USB 3.0 ","price":64,"description":"USB 3.0 and USB 2.0 Compatibility Fast data transfers Improve PC Performance High Capacity; Compatibility Formatted NTFS for Windows 10, Windows 8.1, Windows 7; Reformatting may be required for other operating systems; Compatibility may vary depending on user’s hardware configuration and operating system","category":"electronics","image":"https://fakestoreapi.com/img/61IBBVJvSDL._AC_SY879_.jpg","rating":{"rate":3.3,"count":203}},{"id":10,"title":"SanDisk SSD PLUS 1TB Internal SSD - SATA III 6 Gb/s","price":109,"description":"Easy upgrade for faster boot up, shutdown, application load and response (As compared to 5400 RPM SATA 2.5” hard drive; Based on published specifications and internal benchmarking tests using PCMark vantage scores) Boosts burst write performance, making it ideal for typical PC workloads The perfect balance of performance and reliability Read/write speeds of up to 535MB/s/450MB/s (Based on internal testing; Performance may vary depending upon drive capacity, host device, OS and application.)","category":"electronics","image":"https://fakestoreapi.com/img/61U7T1koQqL._AC_SX679_.jpg","rating":{"rate":2.9,"count":470}},{"id":11,"title":"Silicon Power 256GB SSD 3D NAND A55 SLC Cache Performance Boost SATA III 2.5","price":109,"description":"3D NAND flash are applied to deliver high transfer speeds Remarkable transfer speeds that enable faster bootup and improved overall system performance. The advanced SLC Cache Technology allows performance boost and longer lifespan 7mm s
fetch('https://fakestoreapi.com/products').then((response)=>console.log(response)).catch((err)=>console.log(err));
Promise {<pending>}[[Prototype]]: Promise[[PromiseState]]: "fulfilled"[[PromiseResult]]: undefined
VM801:1 Response {type: 'cors', url: 'https://fakestoreapi.com/products', redirected: false, status: 200, ok: true, …}body: (...)bodyUsed: falseheaders: Headers {}ok: trueredirected: falsestatus: 200statusText: ""type: "cors"url: "https://fakestoreapi.com/products"[[Prototype]]: ResponsearrayBuffer: ƒ arrayBuffer()blob: ƒ blob()body: (...)bodyUsed: (...)clone: ƒ clone()formData: ƒ formData()headers: (...)json: ƒ json()ok: (...)redirected: (...)status: (...)statusText: (...)text: ƒ text()type: (...)url: (...)constructor: ƒ Response()Symbol(Symbol.toStringTag): "Response"get body: ƒ body()get bodyUsed: ƒ bodyUsed()get headers: ƒ headers()get ok: ƒ ok()get redirected: ƒ redirected()get status: ƒ status()get statusText: ƒ statusText()get type: ƒ type()get url: ƒ url()[[Prototype]]: Object
fetch('https://fakestoreapi.com/products').then((response)=>response.json().then((data)=>console.log(data)).catch((err)=>console.log("Error"))).catch((err)=>console.log(err));
Promise {<pending>}
VM1031:1 (20) [{…}, {…}, {…}, {…}, {…}, {…}, {…}, {…}, {…}, {…}, {…}, {…}, {…}, {…}, {…}, {…}, {…}, {…}, {…}, {…}]0: {id: 1, title: 'Fjallraven - Foldsack No. 1 Backpack, Fits 15 Laptops', price: 109.95, description: 'Your perfect pack for everyday use and walks in th…to 15 inches) in the padded sleeve, your everyday', category: "men's clothing", …}category: "men's clothing"description: "Your perfect pack for everyday use and walks in the forest. Stash your laptop (up to 15 inches) in the padded sleeve, your everyday"id: 1image: "https://fakestoreapi.com/img/81fPKd-2AYL._AC_SL1500_.jpg"price: 109.95rating: {rate: 3.9, count: 120}title: "Fjallraven - Foldsack No. 1 Backpack, Fits 15 Laptops"[[Prototype]]: Object1: {id: 2, title: 'Mens Casual Premium Slim Fit T-Shirts ', price: 22.3, description: 'Slim-fitting style, contrast raglan long sleeve, t…e round neckline includes a three-button placket.', category: "men's clothing", …}2: {id: 3, title: 'Mens Cotton Jacket', price: 55.99, description: 'great outerwear jackets for Spring/Autumn/Winter, …and or son in this thanksgiving or Christmas Day.', category: "men's clothing", …}3: {id: 4, title: 'Mens Casual Slim Fit', price: 15.99, description: 'The color could be slightly different between on t…uld be reviewed below on the product description.', category: "men's clothing", …}4: {id: 5, title: "John Hardy Women's Legends Naga Gold & Silver Dragon Station Chain Bracelet", price: 695, description: 'From our Legends Collection, the Naga was inspired…th love and abundance, or outward for protection.', category: 'jewelery', …}5: {id: 6, title: 'Solid Gold Petite Micropave ', price: 168, description: 'Satisfaction Guaranteed. Return or exchange any or…eed. Return or exchange any order within 30 days.', category: 'jewelery', …}6: {id: 7, title: 'White Gold Plated Princess', price: 9.99, description: "Classic Created Wedding Engagement Solitaire Diamo…agement, Wedding, Anniversary, Valentine's Day...", category: 'jewelery', …}7: {id: 8, title: 'Pierced Owl Rose Gold Plated Stainless Steel Double', price: 10.99, description: 'Rose Gold Plated Double Flared Tunnel Plug Earrings. Made of 316L Stainless Steel', category: 'jewelery', …}category: "jewelery"description: "Rose Gold Plated Double Flared Tunnel Plug Earrings. Made of 316L Stainless Steel"id: 8image: "https://fakestoreapi.com/img/51UDEzMJVpL._AC_UL640_QL65_ML3_.jpg"price: 10.99rating: {rate: 1.9, count: 100}title: "Pierced Owl Rose Gold Plated Stainless Steel Double"[[Prototype]]: Object8: {id: 9, title: 'WD 2TB Elements Portable External Hard Drive - USB 3.0 ', price: 64, description: 'USB 3.0 and USB 2.0 Compatibility Fast data transf…ser’s hardware configuration and operating system', category: 'electronics', …}9: {id: 10, title: 'SanDisk SSD PLUS 1TB Internal SSD - SATA III 6 Gb/s', price: 109, description: 'Easy upgrade for faster boot up, shutdown, applica…drive capacity, host device, OS and application.)', category: 'electronics', …}10: {id: 11, title: 'Silicon Power 256GB SSD 3D NAND A55 SLC Cache Performance Boost SATA III 2.5', price: 109, description: '3D NAND flash are applied to deliver high transfer…e optimized performance and enhanced reliability.', category: 'electronics', …}11: {id: 12, title: 'WD 4TB Gaming Drive Works with Playstation 4 Portable External Hard Drive', price: 114, description: "Expand your PS4 gaming experience, Play anywhere F… capacity, 3-year manufacturer's limited warranty", category: 'electronics', …}12: {id: 13, title: 'Acer SB220Q bi 21.5 inches Full HD (1920 x 1080) IPS Ultra-Thin', price: 599, description: '21. 5 inches Full HD (1920 x 1080) widescreen IPS …egree. Vertical viewing angle-178 degree 75 hertz', category: 'electronics', …}13: {id: 14, title: 'Samsung 49-Inch CHG90 144Hz Curved Gaming Monitor (LC49HG90DMNXZA) – Super Ultrawide Screen QLED ', price: 999.99, description: '49 INCH SUPER ULTRAWIDE 32:9 CURVED GAMING MONITOR…inate motion blur, ghosting, and reduce input lag', category: 'electronics', …}14: {id: 15, title: "BIYLACLESEN Women's 3-in-1 Snowboard Jacket Winter Coats", price: 56.99, description: 'Note:The Jackets is US standard size, Please choos…t season and help you adapt to different climates', category: "women's clothing", …}15: {id: 16, title: "Lock and Love Women's Removable Hooded Faux Leather Moto Biker Jacket", price: 29.95, description: '100% POLYURETHANE(shell) 100% POLYESTER(lining) 75…ASH ONLY / DO NOT BLEACH / LINE DRY / DO NOT IRON', category: "women's clothing", …}16: {id: 17, title: 'Rain Jacket Women Windbreaker Striped Climbing Raincoats', price: 39.99, description: 'Lightweight perfet for trip or casual wear---Long …djustable Drawstrings give it a real styled look.', category: "women's clothing", …}17: {id: 18, title: "MBJ Women's Solid Short Sleeve Boat Neck V ", price: 9.85, description: '95% RAYON 5% SPANDEX, Made in USA or Imported, Do …ves and neckline / Double stitching on bottom hem', category: "women's clothing", …}18: {id: 19, title: "Opna Women's Short Sleeve Moisture", price: 7.95, description: '100% Polyester, Machine wash, 100% cationic polyes…sleek, more feminine silhouette and Added Comfort', category: "women's clothing", …}19: {id: 20, title: 'DANVOUY Womens T Shirt Casual Cotton Short', price: 12.99, description: '95%Cotton,5%Spandex, Features: Casual, Short Sleev…Home/Street. Season: Spring,Summer,Autumn,Winter.', category: "women's clothing", …}length: 20[[Prototype]]: Array(0)
async function getData(){
    const response = await fetch("https://fakestoreapi.com/products");
    const data = await response.json();
    console.log(data);
}

console.log("Hello");
VM1329:7 Hello
undefined
getData();
Promise {<pending>}
VM1329:4 (20) [{…}, {…}, {…}, {…}, {…}, {…}, {…}, {…}, {…}, {…}, {…}, {…}, {…}, {…}, {…}, {…}, {…}, {…}, {…}, {…}]
async function getData(){
    const response = await fetch("https://fakestoreap.com/products");
    const data = await response.json();
    console.log(data);
}

console.log("Hello");
VM1353:7 Hello
undefined
getData();
Promise {<pending>}
VM1353:2 
        
        
       GET https://fakestoreap.com/products net::ERR_NAME_NOT_RESOLVED
getData @ VM1353:2
(anonymous) @ VM1392:1
VM1353:2 
        
        
       Uncaught (in promise) TypeError: Failed to fetch
    at getData (<anonymous>:2:28)
    at <anonymous>:1:1
getData @ VM1353:2
(anonymous) @ VM1392:1
