var a = 10;
undefined
var b = 20;
undefined
var c = 30;
undefined
a > b && a > c;
false
b > a && b > c;
false
c > a && c > b;
true
!true;
false
!(c > a) 
false
10 == "10";
true
10 === "10";
false
10 / 2;
5
10 % 2;
0
//Loops in js
undefined
console.log("Golu");
VM557:1 Golu
undefined
console.log("Golu");
console.log("Golu");
VM566:1 Golu
VM566:2 Golu
undefined
console.log("Golu");
console.log("Golu");
console.log("Golu");
console.log("Golu");
console.log("Golu");
VM582:1 Golu
VM582:2 Golu
VM582:3 Golu
VM582:4 Golu
VM582:5 Golu
undefined
// 1. for
// 2. While
// 3. Do while
undefined
for(var i = 0;i < 5;i++){
    console.log("Hello");
}

VM791:2 Hello
VM791:2 Hello
VM791:2 Hello
VM791:2 Hello
VM791:2 Hello
undefined
for(var i = 0;i < 5;i++){
    console.log("Hello" ,i);
}

VM809:2 Hello 0
VM809:2 Hello 1
VM809:2 Hello 2
VM809:2 Hello 3
VM809:2 Hello 4
undefined
for(var i = 1;i <= 5;i++){
    console.log("Hello" ,i);
}

VM818:2 Hello 1
VM818:2 Hello 2
VM818:2 Hello 3
VM818:2 Hello 4
VM818:2 Hello 5
undefined
for(var i = 1;i <= 5;i+=2){
    console.log("Hello" ,i);
}

VM842:2 Hello 1
VM842:2 Hello 3
VM842:2 Hello 5
undefined
i+=2 // i = i+2;
9
for(var i = 5;i >= 0;i--){
    console.log("Hello" ,i);
}

VM909:2 Hello 5
VM909:2 Hello 4
VM909:2 Hello 3
VM909:2 Hello 2
VM909:2 Hello 1
VM909:2 Hello 0
undefined
for(var i = 5;i > 0;i--){
    console.log("Hello" ,i);
}

VM912:2 Hello 5
VM912:2 Hello 4
VM912:2 Hello 3
VM912:2 Hello 2
VM912:2 Hello 1
undefined
var i = 5;
undefined
var i = 0;
undefined
while(i < 10){
    console.log("Hello" , i);
    ++i;
}

