function add(a , b){
    this.a = a;
}
undefined
var obj = add(10 , 20);
undefined
obj;
undefined
function add(a , b){
    this.a = a;
    return a + b;
}
undefined
var obj = add(10 , 20);
undefined
obj;
30
var obj1 = new add(10 , 20);
undefined
obj1;
add {a: 10}a: 10[[Prototype]]: Objectconstructor: ƒ add(a , b)arguments: nullcaller: nulllength: 2name: "add"prototype: constructor: ƒ add(a , b)[[Prototype]]: Object[[FunctionLocation]]: VM207:1[[Prototype]]: ƒ ()[[Scopes]]: Scopes[1][[Prototype]]: Object
class Student {
    constructor(rollNo , name , age , phNumber ,address){
        this.rollNo = rollNo;
        this.name = name;
        this.age = age;
        this.address = address;
        this.phNumber = phNumber;
    }
}
undefined
var arrow = (a , b)=> {
    console.log(a + b , "HEllo");
    return a  + b;
};
undefined
var obj1 = new arrow(10 , 20);
VM388:1 Uncaught TypeError: arrow is not a constructor
    at <anonymous>:1:12
(anonymous) @ VM388:1
var a = 90;
undefined
let s = 90;
undefined
const g = 89;
undefined
// Global Scope
// Functional Scope
// Blocked Scope 
// Lexical Scope 
\
VM620:5 Uncaught SyntaxError: Invalid or unexpected token
// var --- Global Scope or Functional
undefined
var t = 90;
undefined
var arrow = (a , b)=> {
    console.log(t);
    console.log(a + b , "HEllo");
    return a  + b;
};
undefined
arrow(2,4);
VM794:2 90
VM794:3 6 'HEllo'
6
var arrow = (a , b)=> {
    var y = 90;
    console.log(y);
    console.log(a + b , "HEllo");
    return a  + b;
};
undefined
// let or const
undefined
//blocked scope
undefined
{
 let d = 90;
 console.log(d);
}
console.log(d);
VM1051:3 90
VM1051:5 Uncaught ReferenceError: d is not defined
    at <anonymous>:5:13
(anonymous) @ VM1051:5
{
 var d = 90;
 console.log(d);
}
console.log(d);
VM1059:3 90
VM1059:5 90
undefined
d  = 89;
89
{
 let x = 90;
    x = 67;
 console.log(x);
}
console.log(x);
VM1134:4 67
VM1134:6 Uncaught ReferenceError: x is not defined
    at <anonymous>:6:13
(anonymous) @ VM1134:6
{
 const o = 90;
    o = 89;
 console.log(o);
}
console.log(o);
VM1200:3 Uncaught TypeError: Assignment to constant variable.
    at <anonymous>:3:7
(anonymous) @ VM1200:3
var v;
undefined
let u;;
undefined
u
undefined
const f;
VM1278:1 Uncaught SyntaxError: Missing initializer in const declaration
const f = 67;
undefined
f;
67
//Hoisting
undefined
console.log(r);
VM1372:1 Uncaught ReferenceError: r is not defined
    at <anonymous>:1:13
(anonymous) @ VM1372:1
console.log(r);
var r = 90;
VM1411:1 undefined
undefined
window;
Window {window: Window, self: Window, document: document, name: '', location: Location, …}a: 90add: ƒ add(a , b)arguments: nullcaller: nulllength: 2name: "add"prototype: {}[[FunctionLocation]]: VM207:1[[Prototype]]: ƒ ()[[Scopes]]: Scopes[2]alert: ƒ alert()arrow: (a , b)=> {…}atob: ƒ atob()blur: ƒ blur()btoa: ƒ btoa()cancelAnimationFrame: ƒ cancelAnimationFrame()cancelIdleCallback: ƒ cancelIdleCallback()captureEvents: ƒ captureEvents()chrome: {loadTimes: ƒ, csi: ƒ}clearInterval: ƒ clearInterval()clearTimeout: ƒ clearTimeout()clientInformation: Navigator {vendorSub: '', productSub: '20030107', vendor: 'Google Inc.', maxTouchPoints: 1, scheduling: Scheduling, …}close: ƒ close()closed: falseconfirm: ƒ confirm()createImageBitmap: ƒ createImageBitmap()credentialless: falsecrossOriginIsolated: falsecrypto: Crypto {}customElements: CustomElementRegistry {}d: 89devicePixelRatio: 3document: documentevent: undefinedexternal: External {}fetch: ƒ fetch()find: ƒ find()focus: ƒ focus()frameElement: nullframes: Window {window: Window, self: Window, document: document, name: '', location: Location, …}getComputedStyle: ƒ getComputedStyle()getSelection: ƒ getSelection()history: History {length: 2, scrollRestoration: 'auto', state: null}indexedDB: IDBFactory {}innerHeight: 2125innerWidth: 980isSecureContext: falselength: 0localStorage: (...)location: Location {ancestorOrigins: DOMStringList, href: 'about:blank', origin: 'null', protocol: 'about:', host: '', …}locationbar: BarProp {visible: true}matchMedia: ƒ matchMedia()menubar: BarProp {visible: true}moveBy: ƒ moveBy()moveTo: ƒ moveTo()name: ""navigation: Navigation {currentEntry: null, transition: null, canGoBack: false, canGoForward: false, onnavigate: null, …}navigator: Navigator {vendorSub: '', productSub: '20030107', vendor: 'Google Inc.', maxTouchPoints: 1, scheduling: Scheduling, …}obj: 30obj1: add {a: 10}onabort: nullonafterprint: nullonanimationend: nullonanimationiteration: nullonanimationstart: nullonappinstalled: nullonauxclick: nullonbeforeinput: nullonbeforeinstallprompt: nullonbeforematch: nullonbeforeprint: nullonbeforetoggle: nullonbeforeunload: nullonbeforexrselect: nullonblur: nulloncancel: nulloncanplay: nulloncanplaythrough: nullonchange: nullonclick: nullonclose: nulloncontentvisibilityautostatechange: nulloncontextlost: nulloncontextmenu: nulloncontextrestored: nulloncuechange: nullondblclick: nullondrag: nullondragend: nullondragenter: nullondragleave: nullondragover: nullondragstart: nullondrop: nullondurationchange: nullonemptied: nullonended: nullonerror: nullonfocus: nullonformdata: nullongotpointercapture: nullonhashchange: nulloninput: nulloninvalid: nullonkeydown: nullonkeypress: nullonkeyup: nullonlanguagechange: nullonload: nullonloadeddata: nullonloadedmetadata: nullonloadstart: nullonlostpointercapture: nullonmessage: nullonmessageerror: nullonmousedown: nullonmouseenter: nullonmouseleave: nullonmousemove: nullonmouseout: nullonmouseover: nullonmouseup: nullonmousewheel: nullonoffline: nullononline: nullonpagehide: nullonpagereveal: nullonpageshow: nullonpageswap: nullonpause: nullonplay: nullonplaying: nullonpointercancel: nullonpointerdown: nullonpointerenter: nullonpointerleave: nullonpointermove: nullonpointerout: nullonpointerover: nullonpointerrawupdate: nullonpointerup: nullonpopstate: nullonprogress: nullonratechange: nullonrejectionhandled: nullonreset: nullonresize: nullonscroll: nullonscrollend: nullonscrollsnapchange: nullonscrollsnapchanging: nullonsearch: nullonsecuritypolicyviolation: nullonseeked: nullonseeking: nullonselect: nullonselectionchange: nullonselectstart: nullonslotchange: nullonstalled: nullonstorage: nullonsubmit: nullonsuspend: nullontimeupdate: nullontoggle: nullontransitioncancel: nullontransitionend: nullontransitionrun: nullontransitionstart: nullonunhandledrejection: nullonunload: nullonvolumechange: nullonwaiting: nullonwebkitanimationend: nullonwebkitanimationiteration: nullonwebkitanimationstart: nullonwebkittransitionend: nullonwheel: nullopen: ƒ open()opener: nullorigin: "null"originAgentCluster: falseouterHeight: 932outerWidth: 430pageXOffset: 0pageYOffset: 0parent: Window {window: Window, self: Window, document: document, name: '', location: Location, …}performance: Performance {timeOrigin: 1734413840169, onresourcetimingbufferfull: null, timing: PerformanceTiming, navigation: PerformanceNavigation, memory: MemoryInfo, …}personalbar: BarProp {visible: true}postMessage: ƒ postMessage()print: ƒ print()prompt: ƒ prompt()queueMicrotask: ƒ queueMicrotask()r: 90releaseEvents: ƒ releaseEvents()reportError: ƒ reportError()requestAnimationFrame: ƒ requestAnimationFrame()requestIdleCallback: ƒ requestIdleCallback()resizeBy: ƒ resizeBy()resizeTo: ƒ resizeTo()scheduler: Scheduler {}screen: Screen {availWidth: 430, availHeight: 932, width: 430, height: 932, colorDepth: 24, …}screenLeft: 0screenTop: 0screenX: 0screenY: 0scroll: ƒ scroll()scrollBy: ƒ scrollBy()scrollTo: ƒ scrollTo()scrollX: 0scrollY: 0scrollbars: BarProp {visible: true}self: Window {window: Window, self: Window, document: document, name: '', location: Location, …}sessionStorage: (...)setInterval: ƒ setInterval()setTimeout: ƒ setTimeout()speechSynthesis: SpeechSynthesis {pending: false, speaking: false, paused: false, onvoiceschanged: null}status: ""statusbar: BarProp {visible: true}stop: ƒ stop()structuredClone: ƒ structuredClone()styleMedia: StyleMedia {type: 'screen'}t: 90toolbar: BarProp {visible: true}top: Window {window: Window, self: Window, document: document, name: '', location: Location, …}trustedTypes: TrustedTypePolicyFactory {emptyHTML: emptyHTML "", emptyScript: emptyScript "", defaultPolicy: null}v: undefinedvisualViewport: VisualViewport {offsetLeft: 0, offsetTop: 0, pageLeft: 0, pageTop: 0, width: 979.9999389648438, …}webkitCancelAnimationFrame: ƒ webkitCancelAnimationFrame()webkitRequestAnimationFrame: ƒ webkitRequestAnimationFrame()webkitRequestFileSystem: ƒ webkitRequestFileSystem()webkitResolveLocalFileSystemURL: ƒ webkitResolveLocalFileSystemURL()window: Window {window: Window, self: Window, document: document, name: '', location: Location, …}Infinity: InfinityAbortController: ƒ AbortController()AbortSignal: ƒ AbortSignal()AbstractRange: ƒ AbstractRange()AggregateError: ƒ AggregateError()AnalyserNode: ƒ AnalyserNode()Animation: ƒ Animation()AnimationEffect: ƒ AnimationEffect()AnimationEvent: ƒ AnimationEvent()AnimationPlaybackEvent: ƒ AnimationPlaybackEvent()AnimationTimeline: ƒ AnimationTimeline()Array: ƒ Array()ArrayBuffer: ƒ ArrayBuffer()Atomics: Atomics {load: ƒ, store: ƒ, add: ƒ, sub: ƒ, and: ƒ, …}Attr: ƒ Attr()Audio: ƒ Audio()AudioBuffer: ƒ AudioBuffer()AudioBufferSourceNode: ƒ AudioBufferSourceNode()AudioContext: ƒ AudioContext()AudioData: ƒ AudioData()AudioDestinationNode: ƒ AudioDestinationNode()AudioListener: ƒ AudioListener()AudioNode: ƒ AudioNode()AudioParam: ƒ AudioParam()AudioParamMap: ƒ AudioParamMap()AudioProcessingEvent: ƒ AudioProcessingEvent()AudioScheduledSourceNode: ƒ AudioScheduledSourceNode()AudioSinkInfo: ƒ AudioSinkInfo()AudioWorkletNode: ƒ AudioWorkletNode()BackgroundFetchManager: ƒ BackgroundFetchManager()BackgroundFetchRecord: ƒ BackgroundFetchRecord()BackgroundFetchRegistration: ƒ BackgroundFetchRegistration()BarProp: ƒ BarProp()BaseAudioContext: ƒ BaseAudioContext()BeforeInstallPromptEvent: ƒ BeforeInstallPromptEvent()BeforeUnloadEvent: ƒ BeforeUnloadEvent()BigInt: ƒ BigInt()BigInt64Array: ƒ BigInt64Array()BigUint64Array: ƒ BigUint64Array()BiquadFilterNode: ƒ BiquadFilterNode()Blob: ƒ Blob()BlobEvent: ƒ BlobEvent()Boolean: ƒ Boolean()BroadcastChannel: ƒ BroadcastChannel()BrowserCaptureMediaStreamTrack: ƒ BrowserCaptureMediaStreamTrack()ByteLengthQueuingStrategy: ƒ ByteLengthQueuingStrategy()CDATASection: ƒ CDATASection()CSS: CSS {highlights: HighlightRegistry, Hz: ƒ, Q: ƒ, cap: ƒ, ch: ƒ, …}CSSAnimation: ƒ CSSAnimation()CSSConditionRule: ƒ CSSConditionRule()CSSContainerRule: ƒ CSSContainerRule()CSSCounterStyleRule: ƒ CSSCounterStyleRule()CSSFontFaceRule: ƒ CSSFontFaceRule()CSSFontPaletteValuesRule: ƒ CSSFontPaletteValuesRule()CSSGroupingRule: ƒ CSSGroupingRule()CSSImageValue: ƒ CSSImageValue()CSSImportRule: ƒ CSSImportRule()CSSKeyframeRule: ƒ CSSKeyframeRule()CSSKeyframesRule: ƒ CSSKeyframesRule()CSSKeywordValue: ƒ CSSKeywordValue()CSSLayerBlockRule: ƒ CSSLayerBlockRule()CSSLayerStatementRule: ƒ CSSLayerStatementRule()CSSMarginRule: ƒ CSSMarginRule()CSSMathClamp: ƒ CSSMathClamp()CSSMathInvert: ƒ CSSMathInvert()CSSMathMax: ƒ CSSMathMax()CSSMathMin: ƒ CSSMathMin()CSSMathNegate: ƒ CSSMathNegate()CSSMathProduct: ƒ CSSMathProduct()CSSMathSum: ƒ CSSMathSum()CSSMathValue: ƒ CSSMathValue()CSSMatrixComponent: ƒ CSSMatrixComponent()CSSMediaRule: ƒ CSSMediaRule()CSSNamespaceRule: ƒ CSSNamespaceRule()CSSNestedDeclarations: ƒ CSSNestedDeclarations()CSSNumericArray: ƒ CSSNumericArray()CSSNumericValue: ƒ CSSNumericValue()CSSPageRule: ƒ CSSPageRule()CSSPerspective: ƒ CSSPerspective()CSSPositionTryDescriptors: ƒ CSSPositionTryDescriptors()CSSPositionTryRule: ƒ CSSPositionTryRule()CSSPositionValue: ƒ CSSPositionValue()CSSPropertyRule: ƒ CSSPropertyRule()CSSRotate: ƒ CSSRotate()CSSRule: ƒ CSSRule()CSSRuleList: ƒ CSSRuleList()CSSScale: ƒ CSSScale()CSSScopeRule: ƒ CSSScopeRule()CSSSkew: ƒ CSSSkew()CSSSkewX: ƒ CSSSkewX()CSSSkewY: ƒ CSSSkewY()CSSStartingStyleRule: ƒ CSSStartingStyleRule()CSSStyleDeclaration: ƒ CSSStyleDeclaration()CSSStyleRule: ƒ CSSStyleRule()CSSStyleSheet: ƒ CSSStyleSheet()CSSStyleValue: ƒ CSSStyleValue()CSSSupportsRule: ƒ CSSSupportsRule()CSSTransformComponent: ƒ CSSTransformComponent()CSSTransformValue: ƒ CSSTransformValue()CSSTransition: ƒ CSSTransition()CSSTranslate: ƒ CSSTranslate()CSSUnitValue: ƒ CSSUnitValue()CSSUnparsedValue: ƒ CSSUnparsedValue()CSSVariableReferenceValue: ƒ CSSVariableReferenceValue()CSSViewTransitionRule: ƒ CSSViewTransitionRule()CanvasCaptureMediaStreamTrack: ƒ CanvasCaptureMediaStreamTrack()CanvasGradient: ƒ CanvasGradient()CanvasPattern: ƒ CanvasPattern()CanvasRenderingContext2D: ƒ CanvasRenderingContext2D()CaretPosition: ƒ CaretPosition()ChannelMergerNode: ƒ ChannelMergerNode()ChannelSplitterNode: ƒ ChannelSplitterNode()ChapterInformation: ƒ ChapterInformation()CharacterBoundsUpdateEvent: ƒ CharacterBoundsUpdateEvent()CharacterData: ƒ CharacterData()ClipboardEvent: ƒ ClipboardEvent()CloseEvent: ƒ CloseEvent()CloseWatcher: ƒ CloseWatcher()Comment: ƒ Comment()CompositionEvent: ƒ CompositionEvent()CompressionStream: ƒ CompressionStream()ConstantSourceNode: ƒ ConstantSourceNode()ContentVisibilityAutoStateChangeEvent: ƒ ContentVisibilityAutoStateChangeEvent()ConvolverNode: ƒ ConvolverNode()CountQueuingStrategy: ƒ CountQueuingStrategy()CropTarget: ƒ CropTarget()Crypto: ƒ Crypto()CustomElementRegistry: ƒ CustomElementRegistry()CustomEvent: ƒ CustomEvent()CustomStateSet: ƒ CustomStateSet()DOMError: ƒ DOMError()DOMException: ƒ DOMException()DOMImplementation: ƒ DOMImplementation()DOMMatrix: ƒ DOMMatrix()DOMMatrixReadOnly: ƒ DOMMatrixReadOnly()DOMParser: ƒ DOMParser()DOMPoint: ƒ DOMPoint()DOMPointReadOnly: ƒ DOMPointReadOnly()DOMQuad: ƒ DOMQuad()DOMRect: ƒ DOMRect()DOMRectList: ƒ DOMRectList()DOMRectReadOnly: ƒ DOMRectReadOnly()DOMStringList: ƒ DOMStringList()DOMStringMap: ƒ DOMStringMap()DOMTokenList: ƒ DOMTokenList()DataTransfer: ƒ DataTransfer()DataTransferItem: ƒ DataTransferItem()DataTransferItemList: ƒ DataTransferItemList()DataView: ƒ DataView()Date: ƒ Date()DecompressionStream: ƒ DecompressionStream()DelayNode: ƒ DelayNode()DelegatedInkTrailPresenter: ƒ DelegatedInkTrailPresenter()Document: ƒ Document()DocumentFragment: ƒ DocumentFragment()DocumentPictureInPictureEvent: ƒ DocumentPictureInPictureEvent()DocumentTimeline: ƒ DocumentTimeline()DocumentType: ƒ DocumentType()DragEvent: ƒ DragEvent()DynamicsCompressorNode: ƒ DynamicsCompressorNode()EditContext: ƒ EditContext()Element: ƒ Element()ElementInternals: ƒ ElementInternals()EncodedAudioChunk: ƒ EncodedAudioChunk()EncodedVideoChunk: ƒ EncodedVideoChunk()Error: ƒ Error()ErrorEvent: ƒ ErrorEvent()EvalError: ƒ EvalError()Event: ƒ Event()EventCounts: ƒ EventCounts()EventSource: ƒ EventSource()EventTarget: ƒ EventTarget()External: ƒ External()FeaturePolicy: ƒ FeaturePolicy()File: ƒ File()FileList: ƒ FileList()FileReader: ƒ FileReader()FinalizationRegistry: ƒ FinalizationRegistry()Float32Array: ƒ Float32Array()Float64Array: ƒ Float64Array()FocusEvent: ƒ FocusEvent()FontFace: ƒ FontFace()FontFaceSetLoadEvent: ƒ FontFaceSetLoadEvent()FormData: ƒ FormData()FormDataEvent: ƒ FormDataEvent()Function: ƒ Function()GainNode: ƒ GainNode()Gamepad: ƒ Gamepad()GamepadButton: ƒ GamepadButton()GamepadEvent: ƒ GamepadEvent()GamepadHapticActuator: ƒ GamepadHapticActuator()Geolocation: ƒ Geolocation()GeolocationCoordinates: ƒ GeolocationCoordinates()GeolocationPosition: ƒ GeolocationPosition()GeolocationPositionError: ƒ GeolocationPositionError()HTMLAllCollection: ƒ HTMLAllCollection()HTMLAnchorElement: ƒ HTMLAnchorElement()HTMLAreaElement: ƒ HTMLAreaElement()HTMLAudioElement: ƒ HTMLAudioElement()HTMLBRElement: ƒ HTMLBRElement()HTMLBaseElement: ƒ HTMLBaseElement()HTMLBodyElement: ƒ HTMLBodyElement()HTMLButtonElement: ƒ HTMLButtonElement()HTMLCanvasElement: ƒ HTMLCanvasElement()HTMLCollection: ƒ HTMLCollection()HTMLDListElement: ƒ HTMLDListElement()HTMLDataElement: ƒ HTMLDataElement()HTMLDataListElement: ƒ HTMLDataListElement()HTMLDetailsElement: ƒ HTMLDetailsElement()HTMLDialogElement: ƒ HTMLDialogElement()HTMLDirectoryElement: ƒ HTMLDirectoryElement()HTMLDivElement: ƒ HTMLDivElement()HTMLDocument: ƒ HTMLDocument()HTMLElement: ƒ HTMLElement()HTMLEmbedElement: ƒ HTMLEmbedElement()HTMLFieldSetElement: ƒ HTMLFieldSetElement()HTMLFontElement: ƒ HTMLFontElement()HTMLFormControlsCollection: ƒ HTMLFormControlsCollection()HTMLFormElement: ƒ HTMLFormElement()HTMLFrameElement: ƒ HTMLFrameElement()HTMLFrameSetElement: ƒ HTMLFrameSetElement()HTMLHRElement: ƒ HTMLHRElement()HTMLHeadElement: ƒ HTMLHeadElement()HTMLHeadingElement: ƒ HTMLHeadingElement()HTMLHtmlElement: ƒ HTMLHtmlElement()HTMLIFrameElement: ƒ HTMLIFrameElement()HTMLImageElement: ƒ HTMLImageElement()HTMLInputElement: ƒ HTMLInputElement()HTMLLIElement: ƒ HTMLLIElement()HTMLLabelElement: ƒ HTMLLabelElement()HTMLLegendElement: ƒ HTMLLegendElement()HTMLLinkElement: ƒ HTMLLinkElement()HTMLMapElement: ƒ HTMLMapElement()HTMLMarqueeElement: ƒ HTMLMarqueeElement()HTMLMediaElement: ƒ HTMLMediaElement()HTMLMenuElement: ƒ HTMLMenuElement()HTMLMetaElement: ƒ HTMLMetaElement()HTMLMeterElement: ƒ HTMLMeterElement()HTMLModElement: ƒ HTMLModElement()HTMLOListElement: ƒ HTMLOListElement()HTMLObjectElement: ƒ HTMLObjectElement()HTMLOptGroupElement: ƒ HTMLOptGroupElement()HTMLOptionElement: ƒ HTMLOptionElement()HTMLOptionsCollection: ƒ HTMLOptionsCollection()HTMLOutputElement: ƒ HTMLOutputElement()HTMLParagraphElement: ƒ HTMLParagraphElement()HTMLParamElement: ƒ HTMLParamElement()HTMLPictureElement: ƒ HTMLPictureElement()HTMLPreElement: ƒ HTMLPreElement()HTMLProgressElement: ƒ HTMLProgressElement()HTMLQuoteElement: ƒ HTMLQuoteElement()HTMLScriptElement: ƒ HTMLScriptElement()HTMLSelectElement: ƒ HTMLSelectElement()HTMLSlotElement: ƒ HTMLSlotElement()HTMLSourceElement: ƒ HTMLSourceElement()HTMLSpanElement: ƒ HTMLSpanElement()HTMLStyleElement: ƒ HTMLStyleElement()HTMLTableCaptionElement: ƒ HTMLTableCaptionElement()HTMLTableCellElement: ƒ HTMLTableCellElement()HTMLTableColElement: ƒ HTMLTableColElement()HTMLTableElement: ƒ HTMLTableElement()HTMLTableRowElement: ƒ HTMLTableRowElement()HTMLTableSectionElement: ƒ HTMLTableSectionElement()HTMLTemplateElement: ƒ HTMLTemplateElement()HTMLTextAreaElement: ƒ HTMLTextAreaElement()HTMLTimeElement: ƒ HTMLTimeElement()HTMLTitleElement: ƒ HTMLTitleElement()HTMLTrackElement: ƒ HTMLTrackElement()HTMLUListElement: ƒ HTMLUListElement()HTMLUnknownElement: ƒ HTMLUnknownElement()HTMLVideoElement: ƒ HTMLVideoElement()HashChangeEvent: ƒ HashChangeEvent()Headers: ƒ Headers()Highlight: ƒ Highlight()HighlightRegistry: ƒ HighlightRegistry()History: ƒ History()IDBCursor: ƒ IDBCursor()IDBCursorWithValue: ƒ IDBCursorWithValue()IDBDatabase: ƒ IDBDatabase()IDBFactory: ƒ IDBFactory()IDBIndex: ƒ IDBIndex()IDBKeyRange: ƒ IDBKeyRange()IDBObjectStore: ƒ IDBObjectStore()IDBOpenDBRequest: ƒ IDBOpenDBRequest()IDBRequest: ƒ IDBRequest()IDBTransaction: ƒ IDBTransaction()IDBVersionChangeEvent: ƒ IDBVersionChangeEvent()IIRFilterNode: ƒ IIRFilterNode()IdleDeadline: ƒ IdleDeadline()Image: ƒ Image()ImageBitmap: ƒ ImageBitmap()ImageBitmapRenderingContext: ƒ ImageBitmapRenderingContext()ImageCapture: ƒ ImageCapture()ImageData: ƒ ImageData()Ink: ƒ Ink()InputDeviceCapabilities: ƒ InputDeviceCapabilities()InputDeviceInfo: ƒ InputDeviceInfo()InputEvent: ƒ InputEvent()Int8Array: ƒ Int8Array()Int16Array: ƒ Int16Array()Int32Array: ƒ Int32Array()IntersectionObserver: ƒ IntersectionObserver()IntersectionObserverEntry: ƒ IntersectionObserverEntry()Intl: Intl {getCanonicalLocales: ƒ, supportedValuesOf: ƒ, DateTimeFormat: ƒ, NumberFormat: ƒ, Collator: ƒ, …}Iterator: ƒ Iterator()JSON: JSON {Symbol(Symbol.toStringTag): 'JSON', parse: ƒ, stringify: ƒ, rawJSON: ƒ, isRawJSON: ƒ}KeyboardEvent: ƒ KeyboardEvent()KeyframeEffect: ƒ KeyframeEffect()LargestContentfulPaint: ƒ LargestContentfulPaint()LayoutShift: ƒ LayoutShift()LayoutShiftAttribution: ƒ LayoutShiftAttribution()Location: ƒ Location()Map: ƒ Map()Math: Math {abs: ƒ, acos: ƒ, acosh: ƒ, asin: ƒ, asinh: ƒ, …}MathMLElement: ƒ MathMLElement()MediaCapabilities: ƒ MediaCapabilities()MediaElementAudioSourceNode: ƒ MediaElementAudioSourceNode()MediaEncryptedEvent: ƒ MediaEncryptedEvent()MediaError: ƒ MediaError()MediaList: ƒ MediaList()MediaMetadata: ƒ MediaMetadata()MediaQueryList: ƒ MediaQueryList()MediaQueryListEvent: ƒ MediaQueryListEvent()MediaRecorder: ƒ MediaRecorder()MediaSession: ƒ MediaSession()MediaSource: ƒ MediaSource()MediaSourceHandle: ƒ MediaSourceHandle()MediaStream: ƒ MediaStream()MediaStreamAudioDestinationNode: ƒ MediaStreamAudioDestinationNode()MediaStreamAudioSourceNode: ƒ MediaStreamAudioSourceNode()MediaStreamEvent: ƒ MediaStreamEvent()MediaStreamTrack: ƒ MediaStreamTrack()MediaStreamTrackAudioStats: ƒ MediaStreamTrackAudioStats()MediaStreamTrackEvent: ƒ MediaStreamTrackEvent()MediaStreamTrackGenerator: ƒ MediaStreamTrackGenerator()MediaStreamTrackProcessor: ƒ MediaStreamTrackProcessor()MediaStreamTrackVideoStats: ƒ MediaStreamTrackVideoStats()MessageChannel: ƒ MessageChannel()MessageEvent: ƒ MessageEvent()MessagePort: ƒ MessagePort()MimeType: ƒ MimeType()MimeTypeArray: ƒ MimeTypeArray()MouseEvent: ƒ MouseEvent()MutationObserver: ƒ MutationObserver()MutationRecord: ƒ MutationRecord()NaN: NaNNamedNodeMap: ƒ NamedNodeMap()NavigateEvent: ƒ NavigateEvent()Navigation: ƒ Navigation()NavigationActivation: ƒ NavigationActivation()NavigationCurrentEntryChangeEvent: ƒ NavigationCurrentEntryChangeEvent()NavigationDestination: ƒ NavigationDestination()NavigationHistoryEntry: ƒ NavigationHistoryEntry()NavigationTransition: ƒ NavigationTransition()Navigator: ƒ Navigator()NavigatorUAData: ƒ NavigatorUAData()NetworkInformation: ƒ NetworkInformation()Node: ƒ Node()NodeFilter: ƒ NodeFilter()NodeIterator: ƒ NodeIterator()NodeList: ƒ NodeList()NotRestoredReasonDetails: ƒ NotRestoredReasonDetails()NotRestoredReasons: ƒ NotRestoredReasons()Notification: ƒ Notification()Number: ƒ Number()Object: ƒ Object()OfflineAudioCompletionEvent: ƒ OfflineAudioCompletionEvent()OfflineAudioContext: ƒ OfflineAudioContext()OffscreenCanvas: ƒ OffscreenCanvas()OffscreenCanvasRenderingContext2D: ƒ OffscreenCanvasRenderingContext2D()Option: ƒ Option()OscillatorNode: ƒ OscillatorNode()OverconstrainedError: ƒ OverconstrainedError()PageRevealEvent: ƒ PageRevealEvent()PageSwapEvent: ƒ PageSwapEvent()PageTransitionEvent: ƒ PageTransitionEvent()PannerNode: ƒ PannerNode()Path2D: ƒ Path2D()Performance: ƒ Performance()PerformanceElementTiming: ƒ PerformanceElementTiming()PerformanceEntry: ƒ PerformanceEntry()PerformanceEventTiming: ƒ PerformanceEventTiming()PerformanceLongAnimationFrameTiming: ƒ PerformanceLongAnimationFrameTiming()PerformanceLongTaskTiming: ƒ PerformanceLongTaskTiming()PerformanceMark: ƒ PerformanceMark()PerformanceMeasure: ƒ PerformanceMeasure()PerformanceNavigation: ƒ PerformanceNavigation()PerformanceNavigationTiming: ƒ PerformanceNavigationTiming()PerformanceObserver: ƒ PerformanceObserver()PerformanceObserverEntryList: ƒ PerformanceObserverEntryList()PerformancePaintTiming: ƒ PerformancePaintTiming()PerformanceResourceTiming: ƒ PerformanceResourceTiming()PerformanceScriptTiming: ƒ PerformanceScriptTiming()PerformanceServerTiming: ƒ PerformanceServerTiming()PerformanceTiming: ƒ PerformanceTiming()PeriodicSyncManager: ƒ PeriodicSyncManager()PeriodicWave: ƒ PeriodicWave()PermissionStatus: ƒ PermissionStatus()Permissions: ƒ Permissions()PictureInPictureEvent: ƒ PictureInPictureEvent()PictureInPictureWindow: ƒ PictureInPictureWindow()Plugin: ƒ Plugin()PluginArray: ƒ PluginArray()PointerEvent: ƒ PointerEvent()PopStateEvent: ƒ PopStateEvent()ProcessingInstruction: ƒ ProcessingInstruction()Profiler: ƒ Profiler()ProgressEvent: ƒ ProgressEvent()Promise: ƒ Promise()PromiseRejectionEvent: ƒ PromiseRejectionEvent()Proxy: ƒ Proxy()PushManager: ƒ PushManager()PushSubscription: ƒ PushSubscription()PushSubscriptionOptions: ƒ PushSubscriptionOptions()RTCCertificate: ƒ RTCCertificate()RTCDTMFSender: ƒ RTCDTMFSender()RTCDTMFToneChangeEvent: ƒ RTCDTMFToneChangeEvent()RTCDataChannel: ƒ RTCDataChannel()RTCDataChannelEvent: ƒ RTCDataChannelEvent()RTCDtlsTransport: ƒ RTCDtlsTransport()RTCEncodedAudioFrame: ƒ RTCEncodedAudioFrame()RTCEncodedVideoFrame: ƒ RTCEncodedVideoFrame()RTCError: ƒ RTCError()RTCErrorEvent: ƒ RTCErrorEvent()RTCIceCandidate: ƒ RTCIceCandidate()RTCIceTransport: ƒ RTCIceTransport()RTCPeerConnection: ƒ RTCPeerConnection()RTCPeerConnectionIceErrorEvent: ƒ RTCPeerConnectionIceErrorEvent()RTCPeerConnectionIceEvent: ƒ RTCPeerConnectionIceEvent()RTCRtpReceiver: ƒ RTCRtpReceiver()RTCRtpSender: ƒ RTCRtpSender()RTCRtpTransceiver: ƒ RTCRtpTransceiver()RTCSctpTransport: ƒ RTCSctpTransport()RTCSessionDescription: ƒ RTCSessionDescription()RTCStatsReport: ƒ RTCStatsReport()RTCTrackEvent: ƒ RTCTrackEvent()RadioNodeList: ƒ RadioNodeList()Range: ƒ Range()RangeError: ƒ RangeError()ReadableByteStreamController: ƒ ReadableByteStreamController()ReadableStream: ƒ ReadableStream()ReadableStreamBYOBReader: ƒ ReadableStreamBYOBReader()ReadableStreamBYOBRequest: ƒ ReadableStreamBYOBRequest()ReadableStreamDefaultController: ƒ ReadableStreamDefaultController()ReadableStreamDefaultReader: ƒ ReadableStreamDefaultReader()ReferenceError: ƒ ReferenceError()Reflect: Reflect {defineProperty: ƒ, deleteProperty: ƒ, apply: ƒ, construct: ƒ, get: ƒ, …}RegExp: ƒ RegExp()RemotePlayback: ƒ RemotePlayback()ReportingObserver: ƒ ReportingObserver()Request: ƒ Request()ResizeObserver: ƒ ResizeObserver()ResizeObserverEntry: ƒ ResizeObserverEntry()ResizeObserverSize: ƒ ResizeObserverSize()Response: ƒ Response()SVGAElement: ƒ SVGAElement()SVGAngle: ƒ SVGAngle()SVGAnimateElement: ƒ SVGAnimateElement()SVGAnimateMotionElement: ƒ SVGAnimateMotionElement()SVGAnimateTransformElement: ƒ SVGAnimateTransformElement()SVGAnimatedAngle: ƒ SVGAnimatedAngle()SVGAnimatedBoolean: ƒ SVGAnimatedBoolean()SVGAnimatedEnumeration: ƒ SVGAnimatedEnumeration()SVGAnimatedInteger: ƒ SVGAnimatedInteger()SVGAnimatedLength: ƒ SVGAnimatedLength()SVGAnimatedLengthList: ƒ SVGAnimatedLengthList()SVGAnimatedNumber: ƒ SVGAnimatedNumber()SVGAnimatedNumberList: ƒ SVGAnimatedNumberList()SVGAnimatedPreserveAspectRatio: ƒ SVGAnimatedPreserveAspectRatio()SVGAnimatedRect: ƒ SVGAnimatedRect()SVGAnimatedString: ƒ SVGAnimatedString()SVGAnimatedTransformList: ƒ SVGAnimatedTransformList()SVGAnimationElement: ƒ SVGAnimationElement()SVGCircleElement: ƒ SVGCircleElement()SVGClipPathElement: ƒ SVGClipPathElement()SVGComponentTransferFunctionElement: ƒ SVGComponentTransferFunctionElement()SVGDefsElement: ƒ SVGDefsElement()SVGDescElement: ƒ SVGDescElement()SVGElement: ƒ SVGElement()SVGEllipseElement: ƒ SVGEllipseElement()SVGFEBlendElement: ƒ SVGFEBlendElement()SVGFEColorMatrixElement: ƒ SVGFEColorMatrixElement()SVGFEComponentTransferElement: ƒ SVGFEComponentTransferElement()SVGFECompositeElement: ƒ SVGFECompositeElement()SVGFEConvolveMatrixElement: ƒ SVGFEConvolveMatrixElement()SVGFEDiffuseLightingElement: ƒ SVGFEDiffuseLightingElement()SVGFEDisplacementMapElement: ƒ SVGFEDisplacementMapElement()SVGFEDistantLightElement: ƒ SVGFEDistantLightElement()SVGFEDropShadowElement: ƒ SVGFEDropShadowElement()SVGFEFloodElement: ƒ SVGFEFloodElement()SVGFEFuncAElement: ƒ SVGFEFuncAElement()SVGFEFuncBElement: ƒ SVGFEFuncBElement()SVGFEFuncGElement: ƒ SVGFEFuncGElement()SVGFEFuncRElement: ƒ SVGFEFuncRElement()SVGFEGaussianBlurElement: ƒ SVGFEGaussianBlurElement()SVGFEImageElement: ƒ SVGFEImageElement()SVGFEMergeElement: ƒ SVGFEMergeElement()SVGFEMergeNodeElement: ƒ SVGFEMergeNodeElement()SVGFEMorphologyElement: ƒ SVGFEMorphologyElement()SVGFEOffsetElement: ƒ SVGFEOffsetElement()SVGFEPointLightElement: ƒ SVGFEPointLightElement()SVGFESpecularLightingElement: ƒ SVGFESpecularLightingElement()SVGFESpotLightElement: ƒ SVGFESpotLightElement()SVGFETileElement: ƒ SVGFETileElement()SVGFETurbulenceElement: ƒ SVGFETurbulenceElement()SVGFilterElement: ƒ SVGFilterElement()SVGForeignObjectElement: ƒ SVGForeignObjectElement()SVGGElement: ƒ SVGGElement()SVGGeometryElement: ƒ SVGGeometryElement()SVGGradientElement: ƒ SVGGradientElement()SVGGraphicsElement: ƒ SVGGraphicsElement()SVGImageElement: ƒ SVGImageElement()SVGLength: ƒ SVGLength()SVGLengthList: ƒ SVGLengthList()SVGLineElement: ƒ SVGLineElement()SVGLinearGradientElement: ƒ SVGLinearGradientElement()SVGMPathElement: ƒ SVGMPathElement()SVGMarkerElement: ƒ SVGMarkerElement()SVGMaskElement: ƒ SVGMaskElement()SVGMatrix: ƒ SVGMatrix()SVGMetadataElement: ƒ SVGMetadataElement()SVGNumber: ƒ SVGNumber()SVGNumberList: ƒ SVGNumberList()SVGPathElement: ƒ SVGPathElement()SVGPatternElement: ƒ SVGPatternElement()SVGPoint: ƒ SVGPoint()SVGPointList: ƒ SVGPointList()SVGPolygonElement: ƒ SVGPolygonElement()SVGPolylineElement: ƒ SVGPolylineElement()SVGPreserveAspectRatio: ƒ SVGPreserveAspectRatio()SVGRadialGradientElement: ƒ SVGRadialGradientElement()SVGRect: ƒ SVGRect()SVGRectElement: ƒ SVGRectElement()SVGSVGElement: ƒ SVGSVGElement()SVGScriptElement: ƒ SVGScriptElement()SVGSetElement: ƒ SVGSetElement()SVGStopElement: ƒ SVGStopElement()SVGStringList: ƒ SVGStringList()SVGStyleElement: ƒ SVGStyleElement()SVGSwitchElement: ƒ SVGSwitchElement()SVGSymbolElement: ƒ SVGSymbolElement()SVGTSpanElement: ƒ SVGTSpanElement()SVGTextContentElement: ƒ SVGTextContentElement()SVGTextElement: ƒ SVGTextElement()SVGTextPathElement: ƒ SVGTextPathElement()SVGTextPositioningElement: ƒ SVGTextPositioningElement()SVGTitleElement: ƒ SVGTitleElement()SVGTransform: ƒ SVGTransform()SVGTransformList: ƒ SVGTransformList()SVGUnitTypes: ƒ SVGUnitTypes()SVGUseElement: ƒ SVGUseElement()SVGViewElement: ƒ SVGViewElement()Scheduler: ƒ Scheduler()Scheduling: ƒ Scheduling()Screen: ƒ Screen()ScreenOrientation: ƒ ScreenOrientation()ScriptProcessorNode: ƒ ScriptProcessorNode()ScrollTimeline: ƒ ScrollTimeline()SecurityPolicyViolationEvent: ƒ SecurityPolicyViolationEvent()Selection: ƒ Selection()Set: ƒ Set()ShadowRoot: ƒ ShadowRoot()SharedWorker: ƒ SharedWorker()SnapEvent: ƒ SnapEvent()SourceBuffer: ƒ SourceBuffer()SourceBufferList: ƒ SourceBufferList()SpeechSynthesis: ƒ SpeechSynthesis()SpeechSynthesisErrorEvent: ƒ SpeechSynthesisErrorEvent()SpeechSynthesisEvent: ƒ SpeechSynthesisEvent()SpeechSynthesisUtterance: ƒ SpeechSynthesisUtterance()SpeechSynthesisVoice: ƒ SpeechSynthesisVoice()StaticRange: ƒ StaticRange()StereoPannerNode: ƒ StereoPannerNode()Storage: ƒ Storage()StorageEvent: ƒ StorageEvent()String: ƒ String()StylePropertyMap: ƒ StylePropertyMap()StylePropertyMapReadOnly: ƒ StylePropertyMapReadOnly()StyleSheet: ƒ StyleSheet()StyleSheetList: ƒ StyleSheetList()SubmitEvent: ƒ SubmitEvent()Symbol: ƒ Symbol()SyncManager: ƒ SyncManager()SyntaxError: ƒ SyntaxError()TaskAttributionTiming: ƒ TaskAttributionTiming()TaskController: ƒ TaskController()TaskPriorityChangeEvent: ƒ TaskPriorityChangeEvent()TaskSignal: ƒ TaskSignal()Text: ƒ Text()TextDecoder: ƒ TextDecoder()TextDecoderStream: ƒ TextDecoderStream()TextEncoder: ƒ TextEncoder()TextEncoderStream: ƒ TextEncoderStream()TextEvent: ƒ TextEvent()TextFormat: ƒ TextFormat()TextFormatUpdateEvent: ƒ TextFormatUpdateEvent()TextMetrics: ƒ TextMetrics()TextTrack: ƒ TextTrack()TextTrackCue: ƒ TextTrackCue()TextTrackCueList: ƒ TextTrackCueList()TextTrackList: ƒ TextTrackList()TextUpdateEvent: ƒ TextUpdateEvent()TimeRanges: ƒ TimeRanges()ToggleEvent: ƒ ToggleEvent()Touch: ƒ Touch()TouchEvent: ƒ TouchEvent()TouchList: ƒ TouchList()TrackEvent: ƒ TrackEvent()TransformStream: ƒ TransformStream()TransformStreamDefaultController: ƒ TransformStreamDefaultController()TransitionEvent: ƒ TransitionEvent()TreeWalker: ƒ TreeWalker()TrustedHTML: ƒ TrustedHTML()TrustedScript: ƒ TrustedScript()TrustedScriptURL: ƒ TrustedScriptURL()TrustedTypePolicy: ƒ TrustedTypePolicy()TrustedTypePolicyFactory: ƒ TrustedTypePolicyFactory()TypeError: ƒ TypeError()UIEvent: ƒ UIEvent()URIError: ƒ URIError()URL: ƒ URL()URLPattern: ƒ URLPattern()URLSearchParams: ƒ URLSearchParams()Uint8Array: ƒ Uint8Array()Uint8ClampedArray: ƒ Uint8ClampedArray()Uint16Array: ƒ Uint16Array()Uint32Array: ƒ Uint32Array()UserActivation: ƒ UserActivation()VTTCue: ƒ VTTCue()ValidityState: ƒ ValidityState()VideoColorSpace: ƒ VideoColorSpace()VideoFrame: ƒ VideoFrame()VideoPlaybackQuality: ƒ VideoPlaybackQuality()ViewTimeline: ƒ ViewTimeline()ViewTransition: ƒ ViewTransition()ViewTransitionTypeSet: ƒ ViewTransitionTypeSet()VirtualKeyboardGeometryChangeEvent: ƒ VirtualKeyboardGeometryChangeEvent()VisibilityStateEntry: ƒ VisibilityStateEntry()VisualViewport: ƒ VisualViewport()WaveShaperNode: ƒ WaveShaperNode()WeakMap: ƒ WeakMap()WeakRef: ƒ WeakRef()WeakSet: ƒ WeakSet()WebAssembly: WebAssembly {compile: ƒ, validate: ƒ, instantiate: ƒ, compileStreaming: ƒ, instantiateStreaming: ƒ, …}WebGL2RenderingContext: ƒ WebGL2RenderingContext()WebGLActiveInfo: ƒ WebGLActiveInfo()WebGLBuffer: ƒ WebGLBuffer()WebGLContextEvent: ƒ WebGLContextEvent()WebGLFramebuffer: ƒ WebGLFramebuffer()WebGLObject: ƒ WebGLObject()WebGLProgram: ƒ WebGLProgram()WebGLQuery: ƒ WebGLQuery()WebGLRenderbuffer: ƒ WebGLRenderbuffer()WebGLRenderingContext: ƒ WebGLRenderingContext()WebGLSampler: ƒ WebGLSampler()WebGLShader: ƒ WebGLShader()WebGLShaderPrecisionFormat: ƒ WebGLShaderPrecisionFormat()WebGLSync: ƒ WebGLSync()WebGLTexture: ƒ WebGLTexture()WebGLTransformFeedback: ƒ WebGLTransformFeedback()WebGLUniformLocation: ƒ WebGLUniformLocation()WebGLVertexArrayObject: ƒ WebGLVertexArrayObject()WebKitCSSMatrix: ƒ DOMMatrix()WebKitMutationObserver: ƒ MutationObserver()WebSocket: ƒ WebSocket()WebSocketError: ƒ WebSocketError()WebSocketStream: ƒ WebSocketStream()WheelEvent: ƒ WheelEvent()Window: ƒ Window()WindowControlsOverlay: ƒ WindowControlsOverlay()WindowControlsOverlayGeometryChangeEvent: ƒ WindowControlsOverlayGeometryChangeEvent()Worker: ƒ Worker()WritableStream: ƒ WritableStream()WritableStreamDefaultController: ƒ WritableStreamDefaultController()WritableStreamDefaultWriter: ƒ WritableStreamDefaultWriter()XMLDocument: ƒ XMLDocument()XMLHttpRequest: ƒ XMLHttpRequest()XMLHttpRequestEventTarget: ƒ XMLHttpRequestEventTarget()XMLHttpRequestUpload: ƒ XMLHttpRequestUpload()XMLSerializer: ƒ XMLSerializer()XPathEvaluator: ƒ XPathEvaluator()XPathExpression: ƒ XPathExpression()XPathResult: ƒ XPathResult()XSLTProcessor: ƒ XSLTProcessor()console: console {debug: ƒ, error: ƒ, info: ƒ, log: ƒ, warn: ƒ, …}decodeURI: ƒ decodeURI()decodeURIComponent: ƒ decodeURIComponent()encodeURI: ƒ encodeURI()encodeURIComponent: ƒ encodeURIComponent()escape: ƒ escape()eval: ƒ eval()globalThis: Window {window: Window, self: Window, document: document, name: '', location: Location, …}isFinite: ƒ isFinite()isNaN: ƒ isNaN()offscreenBuffering: trueparseFloat: ƒ parseFloat()parseInt: ƒ parseInt()undefined: undefinedunescape: ƒ unescape()webkitMediaStream: ƒ MediaStream()webkitRTCPeerConnection: ƒ RTCPeerConnection()webkitSpeechGrammar: ƒ SpeechGrammar()webkitSpeechGrammarList: ƒ SpeechGrammarList()webkitSpeechRecognition: ƒ SpeechRecognition()webkitSpeechRecognitionError: ƒ SpeechRecognitionErrorEvent()webkitSpeechRecognitionEvent: ƒ SpeechRecognitionEvent()webkitURL: ƒ URL()get localStorage: ƒ localStorage()get sessionStorage: ƒ sessionStorage()[[Prototype]]: Window
r;
90
var r = 89:
var e = 89;
var w = 89;
VM1596:1 Uncaught SyntaxError: Unexpected token ':'
var r = 89;
var e = 89;
var w = 89;
undefined
var r = 89;
var r = 89;
var r = 89;
undefined
window;

Window {window: Window, self: Window, document: document, name: '', location: Location, …}a: 90add: ƒ add(a , b)alert: ƒ alert()arrow: (a , b)=> {…}atob: ƒ atob()blur: ƒ blur()btoa: ƒ btoa()cancelAnimationFrame: ƒ cancelAnimationFrame()cancelIdleCallback: ƒ cancelIdleCallback()captureEvents: ƒ captureEvents()chrome: {loadTimes: ƒ, csi: ƒ}clearInterval: ƒ clearInterval()clearTimeout: ƒ clearTimeout()clientInformation: Navigator {vendorSub: '', productSub: '20030107', vendor: 'Google Inc.', maxTouchPoints: 0, scheduling: Scheduling, …}close: ƒ close()closed: falseconfirm: ƒ confirm()createImageBitmap: ƒ createImageBitmap()credentialless: falsecrossOriginIsolated: falsecrypto: Crypto {}customElements: CustomElementRegistry {}d: 89devicePixelRatio: 3document: documente: 89event: undefinedexternal: External {}fetch: ƒ fetch()find: ƒ find()focus: ƒ focus()frameElement: nullframes: Window {window: Window, self: Window, document: document, name: '', location: Location, …}getComputedStyle: ƒ getComputedStyle()getSelection: ƒ getSelection()history: History {length: 2, scrollRestoration: 'auto', state: null}indexedDB: IDBFactory {}innerHeight: 2125innerWidth: 980isSecureContext: falselength: 0localStorage: (...)location: Location {ancestorOrigins: DOMStringList, href: 'about:blank', origin: 'null', protocol: 'about:', host: '', …}locationbar: BarProp {visible: true}matchMedia: ƒ matchMedia()menubar: BarProp {visible: true}moveBy: ƒ moveBy()moveTo: ƒ moveTo()name: ""navigation: Navigation {currentEntry: null, transition: null, canGoBack: false, canGoForward: false, onnavigate: null, …}navigator: Navigator {vendorSub: '', productSub: '20030107', vendor: 'Google Inc.', maxTouchPoints: 0, scheduling: Scheduling, …}obj: 30obj1: add {a: 10}onabort: nullonafterprint: nullonanimationend: nullonanimationiteration: nullonanimationstart: nullonappinstalled: nullonauxclick: nullonbeforeinput: nullonbeforeinstallprompt: nullonbeforematch: nullonbeforeprint: nullonbeforetoggle: nullonbeforeunload: nullonbeforexrselect: nullonblur: nulloncancel: nulloncanplay: nulloncanplaythrough: nullonchange: nullonclick: nullonclose: nulloncontentvisibilityautostatechange: nulloncontextlost: nulloncontextmenu: nulloncontextrestored: nulloncuechange: nullondblclick: nullondrag: nullondragend: nullondragenter: nullondragleave: nullondragover: nullondragstart: nullondrop: nullondurationchange: nullonemptied: nullonended: nullonerror: nullonfocus: nullonformdata: nullongotpointercapture: nullonhashchange: nulloninput: nulloninvalid: nullonkeydown: nullonkeypress: nullonkeyup: nullonlanguagechange: nullonload: nullonloadeddata: nullonloadedmetadata: nullonloadstart: nullonlostpointercapture: nullonmessage: nullonmessageerror: nullonmousedown: nullonmouseenter: nullonmouseleave: nullonmousemove: nullonmouseout: nullonmouseover: nullonmouseup: nullonmousewheel: nullonoffline: nullononline: nullonpagehide: nullonpagereveal: nullonpageshow: nullonpageswap: nullonpause: nullonplay: nullonplaying: nullonpointercancel: nullonpointerdown: nullonpointerenter: nullonpointerleave: nullonpointermove: nullonpointerout: nullonpointerover: nullonpointerrawupdate: nullonpointerup: nullonpopstate: nullonprogress: nullonratechange: nullonrejectionhandled: nullonreset: nullonresize: nullonscroll: nullonscrollend: nullonscrollsnapchange: nullonscrollsnapchanging: nullonsearch: nullonsecuritypolicyviolation: nullonseeked: nullonseeking: nullonselect: nullonselectionchange: nullonselectstart: nullonslotchange: nullonstalled: nullonstorage: nullonsubmit: nullonsuspend: nullontimeupdate: nullontoggle: nullontransitioncancel: nullontransitionend: nullontransitionrun: nullontransitionstart: nullonunhandledrejection: nullonunload: nullonvolumechange: nullonwaiting: nullonwebkitanimationend: nullonwebkitanimationiteration: nullonwebkitanimationstart: nullonwebkittransitionend: nullonwheel: nullopen: ƒ open()opener: nullorigin: "null"originAgentCluster: falseouterHeight: 932outerWidth: 430pageXOffset: 0pageYOffset: 0parent: Window {window: Window, self: Window, document: document, name: '', location: Location, …}performance: Performance {timeOrigin: 1734413840169, onresourcetimingbufferfull: null, timing: PerformanceTiming, navigation: PerformanceNavigation, memory: MemoryInfo, …}personalbar: BarProp {visible: true}postMessage: ƒ postMessage()print: ƒ print()prompt: ƒ prompt()queueMicrotask: ƒ queueMicrotask()r: 89releaseEvents: ƒ releaseEvents()reportError: ƒ reportError()requestAnimationFrame: ƒ requestAnimationFrame()requestIdleCallback: ƒ requestIdleCallback()resizeBy: ƒ resizeBy()resizeTo: ƒ resizeTo()scheduler: Scheduler {}screen: Screen {availWidth: 430, availHeight: 932, width: 430, height: 932, colorDepth: 24, …}screenLeft: 0screenTop: 0screenX: 0screenY: 0scroll: ƒ scroll()scrollBy: ƒ scrollBy()scrollTo: ƒ scrollTo()scrollX: 0scrollY: 0scrollbars: BarProp {visible: true}self: Window {window: Window, self: Window, document: document, name: '', location: Location, …}sessionStorage: (...)setInterval: ƒ setInterval()setTimeout: ƒ setTimeout()speechSynthesis: SpeechSynthesis {pending: false, speaking: false, paused: false, onvoiceschanged: null}status: ""statusbar: BarProp {visible: true}stop: ƒ stop()structuredClone: ƒ structuredClone()styleMedia: StyleMedia {type: 'screen'}t: 90toolbar: BarProp {visible: true}top: Window {window: Window, self: Window, document: document, name: '', location: Location, …}trustedTypes: TrustedTypePolicyFactory {emptyHTML: emptyHTML "", emptyScript: emptyScript "", defaultPolicy: null}v: undefinedvisualViewport: VisualViewport {offsetLeft: 0, offsetTop: 0, pageLeft: 0, pageTop: 0, width: 979.9999389648438, …}w: 89webkitCancelAnimationFrame: ƒ webkitCancelAnimationFrame()webkitRequestAnimationFrame: ƒ webkitRequestAnimationFrame()webkitRequestFileSystem: ƒ webkitRequestFileSystem()webkitResolveLocalFileSystemURL: ƒ webkitResolveLocalFileSystemURL()window: Window {window: Window, self: Window, document: document, name: '', location: Location, …}Infinity: InfinityAbortController: ƒ AbortController()AbortSignal: ƒ AbortSignal()AbstractRange: ƒ AbstractRange()AggregateError: ƒ AggregateError()AnalyserNode: ƒ AnalyserNode()Animation: ƒ Animation()AnimationEffect: ƒ AnimationEffect()AnimationEvent: ƒ AnimationEvent()AnimationPlaybackEvent: ƒ AnimationPlaybackEvent()AnimationTimeline: ƒ AnimationTimeline()Array: ƒ Array()ArrayBuffer: ƒ ArrayBuffer()Atomics: Atomics {load: ƒ, store: ƒ, add: ƒ, sub: ƒ, and: ƒ, …}Attr: ƒ Attr()Audio: ƒ Audio()AudioBuffer: ƒ AudioBuffer()AudioBufferSourceNode: ƒ AudioBufferSourceNode()AudioContext: ƒ AudioContext()AudioData: ƒ AudioData()AudioDestinationNode: ƒ AudioDestinationNode()AudioListener: ƒ AudioListener()AudioNode: ƒ AudioNode()AudioParam: ƒ AudioParam()AudioParamMap: ƒ AudioParamMap()AudioProcessingEvent: ƒ AudioProcessingEvent()AudioScheduledSourceNode: ƒ AudioScheduledSourceNode()AudioSinkInfo: ƒ AudioSinkInfo()AudioWorkletNode: ƒ AudioWorkletNode()BackgroundFetchManager: ƒ BackgroundFetchManager()BackgroundFetchRecord: ƒ BackgroundFetchRecord()BackgroundFetchRegistration: ƒ BackgroundFetchRegistration()BarProp: ƒ BarProp()BaseAudioContext: ƒ BaseAudioContext()BeforeInstallPromptEvent: ƒ BeforeInstallPromptEvent()BeforeUnloadEvent: ƒ BeforeUnloadEvent()BigInt: ƒ BigInt()BigInt64Array: ƒ BigInt64Array()BigUint64Array: ƒ BigUint64Array()BiquadFilterNode: ƒ BiquadFilterNode()Blob: ƒ Blob()BlobEvent: ƒ BlobEvent()Boolean: ƒ Boolean()BroadcastChannel: ƒ BroadcastChannel()BrowserCaptureMediaStreamTrack: ƒ BrowserCaptureMediaStreamTrack()ByteLengthQueuingStrategy: ƒ ByteLengthQueuingStrategy()CDATASection: ƒ CDATASection()CSS: CSS {highlights: HighlightRegistry, Hz: ƒ, Q: ƒ, cap: ƒ, ch: ƒ, …}CSSAnimation: ƒ CSSAnimation()CSSConditionRule: ƒ CSSConditionRule()CSSContainerRule: ƒ CSSContainerRule()CSSCounterStyleRule: ƒ CSSCounterStyleRule()CSSFontFaceRule: ƒ CSSFontFaceRule()CSSFontPaletteValuesRule: ƒ CSSFontPaletteValuesRule()CSSGroupingRule: ƒ CSSGroupingRule()CSSImageValue: ƒ CSSImageValue()CSSImportRule: ƒ CSSImportRule()CSSKeyframeRule: ƒ CSSKeyframeRule()CSSKeyframesRule: ƒ CSSKeyframesRule()CSSKeywordValue: ƒ CSSKeywordValue()CSSLayerBlockRule: ƒ CSSLayerBlockRule()CSSLayerStatementRule: ƒ CSSLayerStatementRule()CSSMarginRule: ƒ CSSMarginRule()CSSMathClamp: ƒ CSSMathClamp()CSSMathInvert: ƒ CSSMathInvert()CSSMathMax: ƒ CSSMathMax()CSSMathMin: ƒ CSSMathMin()CSSMathNegate: ƒ CSSMathNegate()CSSMathProduct: ƒ CSSMathProduct()CSSMathSum: ƒ CSSMathSum()CSSMathValue: ƒ CSSMathValue()CSSMatrixComponent: ƒ CSSMatrixComponent()CSSMediaRule: ƒ CSSMediaRule()CSSNamespaceRule: ƒ CSSNamespaceRule()CSSNestedDeclarations: ƒ CSSNestedDeclarations()CSSNumericArray: ƒ CSSNumericArray()CSSNumericValue: ƒ CSSNumericValue()CSSPageRule: ƒ CSSPageRule()CSSPerspective: ƒ CSSPerspective()CSSPositionTryDescriptors: ƒ CSSPositionTryDescriptors()CSSPositionTryRule: ƒ CSSPositionTryRule()CSSPositionValue: ƒ CSSPositionValue()CSSPropertyRule: ƒ CSSPropertyRule()CSSRotate: ƒ CSSRotate()CSSRule: ƒ CSSRule()CSSRuleList: ƒ CSSRuleList()CSSScale: ƒ CSSScale()CSSScopeRule: ƒ CSSScopeRule()CSSSkew: ƒ CSSSkew()CSSSkewX: ƒ CSSSkewX()CSSSkewY: ƒ CSSSkewY()CSSStartingStyleRule: ƒ CSSStartingStyleRule()CSSStyleDeclaration: ƒ CSSStyleDeclaration()CSSStyleRule: ƒ CSSStyleRule()CSSStyleSheet: ƒ CSSStyleSheet()CSSStyleValue: ƒ CSSStyleValue()CSSSupportsRule: ƒ CSSSupportsRule()CSSTransformComponent: ƒ CSSTransformComponent()CSSTransformValue: ƒ CSSTransformValue()CSSTransition: ƒ CSSTransition()CSSTranslate: ƒ CSSTranslate()CSSUnitValue: ƒ CSSUnitValue()CSSUnparsedValue: ƒ CSSUnparsedValue()CSSVariableReferenceValue: ƒ CSSVariableReferenceValue()CSSViewTransitionRule: ƒ CSSViewTransitionRule()CanvasCaptureMediaStreamTrack: ƒ CanvasCaptureMediaStreamTrack()CanvasGradient: ƒ CanvasGradient()CanvasPattern: ƒ CanvasPattern()CanvasRenderingContext2D: ƒ CanvasRenderingContext2D()CaretPosition: ƒ CaretPosition()ChannelMergerNode: ƒ ChannelMergerNode()ChannelSplitterNode: ƒ ChannelSplitterNode()ChapterInformation: ƒ ChapterInformation()CharacterBoundsUpdateEvent: ƒ CharacterBoundsUpdateEvent()CharacterData: ƒ CharacterData()ClipboardEvent: ƒ ClipboardEvent()CloseEvent: ƒ CloseEvent()CloseWatcher: ƒ CloseWatcher()Comment: ƒ Comment()CompositionEvent: ƒ CompositionEvent()CompressionStream: ƒ CompressionStream()ConstantSourceNode: ƒ ConstantSourceNode()ContentVisibilityAutoStateChangeEvent: ƒ ContentVisibilityAutoStateChangeEvent()ConvolverNode: ƒ ConvolverNode()CountQueuingStrategy: ƒ CountQueuingStrategy()CropTarget: ƒ CropTarget()Crypto: ƒ Crypto()CustomElementRegistry: ƒ CustomElementRegistry()CustomEvent: ƒ CustomEvent()CustomStateSet: ƒ CustomStateSet()DOMError: ƒ DOMError()DOMException: ƒ DOMException()DOMImplementation: ƒ DOMImplementation()DOMMatrix: ƒ DOMMatrix()DOMMatrixReadOnly: ƒ DOMMatrixReadOnly()DOMParser: ƒ DOMParser()DOMPoint: ƒ DOMPoint()DOMPointReadOnly: ƒ DOMPointReadOnly()DOMQuad: ƒ DOMQuad()DOMRect: ƒ DOMRect()DOMRectList: ƒ DOMRectList()DOMRectReadOnly: ƒ DOMRectReadOnly()DOMStringList: ƒ DOMStringList()DOMStringMap: ƒ DOMStringMap()DOMTokenList: ƒ DOMTokenList()DataTransfer: ƒ DataTransfer()DataTransferItem: ƒ DataTransferItem()DataTransferItemList: ƒ DataTransferItemList()DataView: ƒ DataView()Date: ƒ Date()DecompressionStream: ƒ DecompressionStream()DelayNode: ƒ DelayNode()DelegatedInkTrailPresenter: ƒ DelegatedInkTrailPresenter()Document: ƒ Document()DocumentFragment: ƒ DocumentFragment()DocumentPictureInPictureEvent: ƒ DocumentPictureInPictureEvent()DocumentTimeline: ƒ DocumentTimeline()DocumentType: ƒ DocumentType()DragEvent: ƒ DragEvent()DynamicsCompressorNode: ƒ DynamicsCompressorNode()EditContext: ƒ EditContext()Element: ƒ Element()ElementInternals: ƒ ElementInternals()EncodedAudioChunk: ƒ EncodedAudioChunk()EncodedVideoChunk: ƒ EncodedVideoChunk()Error: ƒ Error()ErrorEvent: ƒ ErrorEvent()EvalError: ƒ EvalError()Event: ƒ Event()EventCounts: ƒ EventCounts()EventSource: ƒ EventSource()EventTarget: ƒ EventTarget()External: ƒ External()FeaturePolicy: ƒ FeaturePolicy()File: ƒ File()FileList: ƒ FileList()FileReader: ƒ FileReader()FinalizationRegistry: ƒ FinalizationRegistry()Float32Array: ƒ Float32Array()Float64Array: ƒ Float64Array()FocusEvent: ƒ FocusEvent()FontFace: ƒ FontFace()FontFaceSetLoadEvent: ƒ FontFaceSetLoadEvent()FormData: ƒ FormData()FormDataEvent: ƒ FormDataEvent()Function: ƒ Function()GainNode: ƒ GainNode()Gamepad: ƒ Gamepad()GamepadButton: ƒ GamepadButton()GamepadEvent: ƒ GamepadEvent()GamepadHapticActuator: ƒ GamepadHapticActuator()Geolocation: ƒ Geolocation()GeolocationCoordinates: ƒ GeolocationCoordinates()GeolocationPosition: ƒ GeolocationPosition()GeolocationPositionError: ƒ GeolocationPositionError()HTMLAllCollection: ƒ HTMLAllCollection()HTMLAnchorElement: ƒ HTMLAnchorElement()HTMLAreaElement: ƒ HTMLAreaElement()HTMLAudioElement: ƒ HTMLAudioElement()HTMLBRElement: ƒ HTMLBRElement()HTMLBaseElement: ƒ HTMLBaseElement()HTMLBodyElement: ƒ HTMLBodyElement()HTMLButtonElement: ƒ HTMLButtonElement()HTMLCanvasElement: ƒ HTMLCanvasElement()HTMLCollection: ƒ HTMLCollection()HTMLDListElement: ƒ HTMLDListElement()HTMLDataElement: ƒ HTMLDataElement()HTMLDataListElement: ƒ HTMLDataListElement()HTMLDetailsElement: ƒ HTMLDetailsElement()HTMLDialogElement: ƒ HTMLDialogElement()HTMLDirectoryElement: ƒ HTMLDirectoryElement()HTMLDivElement: ƒ HTMLDivElement()HTMLDocument: ƒ HTMLDocument()HTMLElement: ƒ HTMLElement()HTMLEmbedElement: ƒ HTMLEmbedElement()HTMLFieldSetElement: ƒ HTMLFieldSetElement()HTMLFontElement: ƒ HTMLFontElement()HTMLFormControlsCollection: ƒ HTMLFormControlsCollection()HTMLFormElement: ƒ HTMLFormElement()HTMLFrameElement: ƒ HTMLFrameElement()HTMLFrameSetElement: ƒ HTMLFrameSetElement()HTMLHRElement: ƒ HTMLHRElement()HTMLHeadElement: ƒ HTMLHeadElement()HTMLHeadingElement: ƒ HTMLHeadingElement()HTMLHtmlElement: ƒ HTMLHtmlElement()HTMLIFrameElement: ƒ HTMLIFrameElement()HTMLImageElement: ƒ HTMLImageElement()HTMLInputElement: ƒ HTMLInputElement()HTMLLIElement: ƒ HTMLLIElement()HTMLLabelElement: ƒ HTMLLabelElement()HTMLLegendElement: ƒ HTMLLegendElement()HTMLLinkElement: ƒ HTMLLinkElement()HTMLMapElement: ƒ HTMLMapElement()HTMLMarqueeElement: ƒ HTMLMarqueeElement()HTMLMediaElement: ƒ HTMLMediaElement()HTMLMenuElement: ƒ HTMLMenuElement()HTMLMetaElement: ƒ HTMLMetaElement()HTMLMeterElement: ƒ HTMLMeterElement()HTMLModElement: ƒ HTMLModElement()HTMLOListElement: ƒ HTMLOListElement()HTMLObjectElement: ƒ HTMLObjectElement()HTMLOptGroupElement: ƒ HTMLOptGroupElement()HTMLOptionElement: ƒ HTMLOptionElement()HTMLOptionsCollection: ƒ HTMLOptionsCollection()HTMLOutputElement: ƒ HTMLOutputElement()HTMLParagraphElement: ƒ HTMLParagraphElement()HTMLParamElement: ƒ HTMLParamElement()HTMLPictureElement: ƒ HTMLPictureElement()HTMLPreElement: ƒ HTMLPreElement()HTMLProgressElement: ƒ HTMLProgressElement()HTMLQuoteElement: ƒ HTMLQuoteElement()HTMLScriptElement: ƒ HTMLScriptElement()HTMLSelectElement: ƒ HTMLSelectElement()HTMLSlotElement: ƒ HTMLSlotElement()HTMLSourceElement: ƒ HTMLSourceElement()HTMLSpanElement: ƒ HTMLSpanElement()HTMLStyleElement: ƒ HTMLStyleElement()HTMLTableCaptionElement: ƒ HTMLTableCaptionElement()HTMLTableCellElement: ƒ HTMLTableCellElement()HTMLTableColElement: ƒ HTMLTableColElement()HTMLTableElement: ƒ HTMLTableElement()HTMLTableRowElement: ƒ HTMLTableRowElement()HTMLTableSectionElement: ƒ HTMLTableSectionElement()HTMLTemplateElement: ƒ HTMLTemplateElement()HTMLTextAreaElement: ƒ HTMLTextAreaElement()HTMLTimeElement: ƒ HTMLTimeElement()HTMLTitleElement: ƒ HTMLTitleElement()HTMLTrackElement: ƒ HTMLTrackElement()HTMLUListElement: ƒ HTMLUListElement()HTMLUnknownElement: ƒ HTMLUnknownElement()HTMLVideoElement: ƒ HTMLVideoElement()HashChangeEvent: ƒ HashChangeEvent()Headers: ƒ Headers()Highlight: ƒ Highlight()HighlightRegistry: ƒ HighlightRegistry()History: ƒ History()IDBCursor: ƒ IDBCursor()IDBCursorWithValue: ƒ IDBCursorWithValue()IDBDatabase: ƒ IDBDatabase()IDBFactory: ƒ IDBFactory()IDBIndex: ƒ IDBIndex()IDBKeyRange: ƒ IDBKeyRange()IDBObjectStore: ƒ IDBObjectStore()IDBOpenDBRequest: ƒ IDBOpenDBRequest()IDBRequest: ƒ IDBRequest()IDBTransaction: ƒ IDBTransaction()IDBVersionChangeEvent: ƒ IDBVersionChangeEvent()IIRFilterNode: ƒ IIRFilterNode()IdleDeadline: ƒ IdleDeadline()Image: ƒ Image()ImageBitmap: ƒ ImageBitmap()ImageBitmapRenderingContext: ƒ ImageBitmapRenderingContext()ImageCapture: ƒ ImageCapture()ImageData: ƒ ImageData()Ink: ƒ Ink()InputDeviceCapabilities: ƒ InputDeviceCapabilities()InputDeviceInfo: ƒ InputDeviceInfo()InputEvent: ƒ InputEvent()Int8Array: ƒ Int8Array()Int16Array: ƒ Int16Array()Int32Array: ƒ Int32Array()IntersectionObserver: ƒ IntersectionObserver()IntersectionObserverEntry: ƒ IntersectionObserverEntry()Intl: Intl {getCanonicalLocales: ƒ, supportedValuesOf: ƒ, DateTimeFormat: ƒ, NumberFormat: ƒ, Collator: ƒ, …}Iterator: ƒ Iterator()JSON: JSON {Symbol(Symbol.toStringTag): 'JSON', parse: ƒ, stringify: ƒ, rawJSON: ƒ, isRawJSON: ƒ}KeyboardEvent: ƒ KeyboardEvent()KeyframeEffect: ƒ KeyframeEffect()LargestContentfulPaint: ƒ LargestContentfulPaint()LayoutShift: ƒ LayoutShift()LayoutShiftAttribution: ƒ LayoutShiftAttribution()Location: ƒ Location()Map: ƒ Map()Math: Math {abs: ƒ, acos: ƒ, acosh: ƒ, asin: ƒ, asinh: ƒ, …}MathMLElement: ƒ MathMLElement()MediaCapabilities: ƒ MediaCapabilities()MediaElementAudioSourceNode: ƒ MediaElementAudioSourceNode()MediaEncryptedEvent: ƒ MediaEncryptedEvent()MediaError: ƒ MediaError()MediaList: ƒ MediaList()MediaMetadata: ƒ MediaMetadata()MediaQueryList: ƒ MediaQueryList()MediaQueryListEvent: ƒ MediaQueryListEvent()MediaRecorder: ƒ MediaRecorder()MediaSession: ƒ MediaSession()MediaSource: ƒ MediaSource()MediaSourceHandle: ƒ MediaSourceHandle()MediaStream: ƒ MediaStream()MediaStreamAudioDestinationNode: ƒ MediaStreamAudioDestinationNode()MediaStreamAudioSourceNode: ƒ MediaStreamAudioSourceNode()MediaStreamEvent: ƒ MediaStreamEvent()MediaStreamTrack: ƒ MediaStreamTrack()MediaStreamTrackAudioStats: ƒ MediaStreamTrackAudioStats()MediaStreamTrackEvent: ƒ MediaStreamTrackEvent()MediaStreamTrackGenerator: ƒ MediaStreamTrackGenerator()MediaStreamTrackProcessor: ƒ MediaStreamTrackProcessor()MediaStreamTrackVideoStats: ƒ MediaStreamTrackVideoStats()MessageChannel: ƒ MessageChannel()MessageEvent: ƒ MessageEvent()MessagePort: ƒ MessagePort()MimeType: ƒ MimeType()MimeTypeArray: ƒ MimeTypeArray()MouseEvent: ƒ MouseEvent()MutationObserver: ƒ MutationObserver()MutationRecord: ƒ MutationRecord()NaN: NaNNamedNodeMap: ƒ NamedNodeMap()NavigateEvent: ƒ NavigateEvent()Navigation: ƒ Navigation()NavigationActivation: ƒ NavigationActivation()NavigationCurrentEntryChangeEvent: ƒ NavigationCurrentEntryChangeEvent()NavigationDestination: ƒ NavigationDestination()NavigationHistoryEntry: ƒ NavigationHistoryEntry()NavigationTransition: ƒ NavigationTransition()Navigator: ƒ Navigator()NavigatorUAData: ƒ NavigatorUAData()NetworkInformation: ƒ NetworkInformation()Node: ƒ Node()NodeFilter: ƒ NodeFilter()NodeIterator: ƒ NodeIterator()NodeList: ƒ NodeList()NotRestoredReasonDetails: ƒ NotRestoredReasonDetails()NotRestoredReasons: ƒ NotRestoredReasons()Notification: ƒ Notification()Number: ƒ Number()Object: ƒ Object()OfflineAudioCompletionEvent: ƒ OfflineAudioCompletionEvent()OfflineAudioContext: ƒ OfflineAudioContext()OffscreenCanvas: ƒ OffscreenCanvas()OffscreenCanvasRenderingContext2D: ƒ OffscreenCanvasRenderingContext2D()Option: ƒ Option()OscillatorNode: ƒ OscillatorNode()OverconstrainedError: ƒ OverconstrainedError()PageRevealEvent: ƒ PageRevealEvent()PageSwapEvent: ƒ PageSwapEvent()PageTransitionEvent: ƒ PageTransitionEvent()PannerNode: ƒ PannerNode()Path2D: ƒ Path2D()Performance: ƒ Performance()PerformanceElementTiming: ƒ PerformanceElementTiming()PerformanceEntry: ƒ PerformanceEntry()PerformanceEventTiming: ƒ PerformanceEventTiming()PerformanceLongAnimationFrameTiming: ƒ PerformanceLongAnimationFrameTiming()PerformanceLongTaskTiming: ƒ PerformanceLongTaskTiming()PerformanceMark: ƒ PerformanceMark()PerformanceMeasure: ƒ PerformanceMeasure()PerformanceNavigation: ƒ PerformanceNavigation()PerformanceNavigationTiming: ƒ PerformanceNavigationTiming()PerformanceObserver: ƒ PerformanceObserver()PerformanceObserverEntryList: ƒ PerformanceObserverEntryList()PerformancePaintTiming: ƒ PerformancePaintTiming()PerformanceResourceTiming: ƒ PerformanceResourceTiming()PerformanceScriptTiming: ƒ PerformanceScriptTiming()PerformanceServerTiming: ƒ PerformanceServerTiming()PerformanceTiming: ƒ PerformanceTiming()PeriodicSyncManager: ƒ PeriodicSyncManager()PeriodicWave: ƒ PeriodicWave()PermissionStatus: ƒ PermissionStatus()Permissions: ƒ Permissions()PictureInPictureEvent: ƒ PictureInPictureEvent()PictureInPictureWindow: ƒ PictureInPictureWindow()Plugin: ƒ Plugin()PluginArray: ƒ PluginArray()PointerEvent: ƒ PointerEvent()PopStateEvent: ƒ PopStateEvent()ProcessingInstruction: ƒ ProcessingInstruction()Profiler: ƒ Profiler()ProgressEvent: ƒ ProgressEvent()Promise: ƒ Promise()PromiseRejectionEvent: ƒ PromiseRejectionEvent()Proxy: ƒ Proxy()PushManager: ƒ PushManager()PushSubscription: ƒ PushSubscription()PushSubscriptionOptions: ƒ PushSubscriptionOptions()RTCCertificate: ƒ RTCCertificate()RTCDTMFSender: ƒ RTCDTMFSender()RTCDTMFToneChangeEvent: ƒ RTCDTMFToneChangeEvent()RTCDataChannel: ƒ RTCDataChannel()RTCDataChannelEvent: ƒ RTCDataChannelEvent()RTCDtlsTransport: ƒ RTCDtlsTransport()RTCEncodedAudioFrame: ƒ RTCEncodedAudioFrame()RTCEncodedVideoFrame: ƒ RTCEncodedVideoFrame()RTCError: ƒ RTCError()RTCErrorEvent: ƒ RTCErrorEvent()RTCIceCandidate: ƒ RTCIceCandidate()RTCIceTransport: ƒ RTCIceTransport()RTCPeerConnection: ƒ RTCPeerConnection()RTCPeerConnectionIceErrorEvent: ƒ RTCPeerConnectionIceErrorEvent()RTCPeerConnectionIceEvent: ƒ RTCPeerConnectionIceEvent()RTCRtpReceiver: ƒ RTCRtpReceiver()RTCRtpSender: ƒ RTCRtpSender()RTCRtpTransceiver: ƒ RTCRtpTransceiver()RTCSctpTransport: ƒ RTCSctpTransport()RTCSessionDescription: ƒ RTCSessionDescription()RTCStatsReport: ƒ RTCStatsReport()RTCTrackEvent: ƒ RTCTrackEvent()RadioNodeList: ƒ RadioNodeList()Range: ƒ Range()RangeError: ƒ RangeError()ReadableByteStreamController: ƒ ReadableByteStreamController()ReadableStream: ƒ ReadableStream()ReadableStreamBYOBReader: ƒ ReadableStreamBYOBReader()ReadableStreamBYOBRequest: ƒ ReadableStreamBYOBRequest()ReadableStreamDefaultController: ƒ ReadableStreamDefaultController()ReadableStreamDefaultReader: ƒ ReadableStreamDefaultReader()ReferenceError: ƒ ReferenceError()Reflect: Reflect {defineProperty: ƒ, deleteProperty: ƒ, apply: ƒ, construct: ƒ, get: ƒ, …}RegExp: ƒ RegExp()RemotePlayback: ƒ RemotePlayback()ReportingObserver: ƒ ReportingObserver()Request: ƒ Request()ResizeObserver: ƒ ResizeObserver()ResizeObserverEntry: ƒ ResizeObserverEntry()ResizeObserverSize: ƒ ResizeObserverSize()Response: ƒ Response()SVGAElement: ƒ SVGAElement()SVGAngle: ƒ SVGAngle()SVGAnimateElement: ƒ SVGAnimateElement()SVGAnimateMotionElement: ƒ SVGAnimateMotionElement()SVGAnimateTransformElement: ƒ SVGAnimateTransformElement()SVGAnimatedAngle: ƒ SVGAnimatedAngle()SVGAnimatedBoolean: ƒ SVGAnimatedBoolean()SVGAnimatedEnumeration: ƒ SVGAnimatedEnumeration()SVGAnimatedInteger: ƒ SVGAnimatedInteger()SVGAnimatedLength: ƒ SVGAnimatedLength()SVGAnimatedLengthList: ƒ SVGAnimatedLengthList()SVGAnimatedNumber: ƒ SVGAnimatedNumber()SVGAnimatedNumberList: ƒ SVGAnimatedNumberList()SVGAnimatedPreserveAspectRatio: ƒ SVGAnimatedPreserveAspectRatio()SVGAnimatedRect: ƒ SVGAnimatedRect()SVGAnimatedString: ƒ SVGAnimatedString()SVGAnimatedTransformList: ƒ SVGAnimatedTransformList()SVGAnimationElement: ƒ SVGAnimationElement()SVGCircleElement: ƒ SVGCircleElement()SVGClipPathElement: ƒ SVGClipPathElement()SVGComponentTransferFunctionElement: ƒ SVGComponentTransferFunctionElement()SVGDefsElement: ƒ SVGDefsElement()SVGDescElement: ƒ SVGDescElement()SVGElement: ƒ SVGElement()SVGEllipseElement: ƒ SVGEllipseElement()SVGFEBlendElement: ƒ SVGFEBlendElement()SVGFEColorMatrixElement: ƒ SVGFEColorMatrixElement()SVGFEComponentTransferElement: ƒ SVGFEComponentTransferElement()SVGFECompositeElement: ƒ SVGFECompositeElement()SVGFEConvolveMatrixElement: ƒ SVGFEConvolveMatrixElement()SVGFEDiffuseLightingElement: ƒ SVGFEDiffuseLightingElement()SVGFEDisplacementMapElement: ƒ SVGFEDisplacementMapElement()SVGFEDistantLightElement: ƒ SVGFEDistantLightElement()SVGFEDropShadowElement: ƒ SVGFEDropShadowElement()SVGFEFloodElement: ƒ SVGFEFloodElement()SVGFEFuncAElement: ƒ SVGFEFuncAElement()SVGFEFuncBElement: ƒ SVGFEFuncBElement()SVGFEFuncGElement: ƒ SVGFEFuncGElement()SVGFEFuncRElement: ƒ SVGFEFuncRElement()SVGFEGaussianBlurElement: ƒ SVGFEGaussianBlurElement()SVGFEImageElement: ƒ SVGFEImageElement()SVGFEMergeElement: ƒ SVGFEMergeElement()SVGFEMergeNodeElement: ƒ SVGFEMergeNodeElement()SVGFEMorphologyElement: ƒ SVGFEMorphologyElement()SVGFEOffsetElement: ƒ SVGFEOffsetElement()SVGFEPointLightElement: ƒ SVGFEPointLightElement()SVGFESpecularLightingElement: ƒ SVGFESpecularLightingElement()SVGFESpotLightElement: ƒ SVGFESpotLightElement()SVGFETileElement: ƒ SVGFETileElement()SVGFETurbulenceElement: ƒ SVGFETurbulenceElement()SVGFilterElement: ƒ SVGFilterElement()SVGForeignObjectElement: ƒ SVGForeignObjectElement()SVGGElement: ƒ SVGGElement()SVGGeometryElement: ƒ SVGGeometryElement()SVGGradientElement: ƒ SVGGradientElement()SVGGraphicsElement: ƒ SVGGraphicsElement()SVGImageElement: ƒ SVGImageElement()SVGLength: ƒ SVGLength()SVGLengthList: ƒ SVGLengthList()SVGLineElement: ƒ SVGLineElement()SVGLinearGradientElement: ƒ SVGLinearGradientElement()SVGMPathElement: ƒ SVGMPathElement()SVGMarkerElement: ƒ SVGMarkerElement()SVGMaskElement: ƒ SVGMaskElement()SVGMatrix: ƒ SVGMatrix()SVGMetadataElement: ƒ SVGMetadataElement()SVGNumber: ƒ SVGNumber()SVGNumberList: ƒ SVGNumberList()SVGPathElement: ƒ SVGPathElement()SVGPatternElement: ƒ SVGPatternElement()SVGPoint: ƒ SVGPoint()SVGPointList: ƒ SVGPointList()SVGPolygonElement: ƒ SVGPolygonElement()SVGPolylineElement: ƒ SVGPolylineElement()SVGPreserveAspectRatio: ƒ SVGPreserveAspectRatio()SVGRadialGradientElement: ƒ SVGRadialGradientElement()SVGRect: ƒ SVGRect()SVGRectElement: ƒ SVGRectElement()SVGSVGElement: ƒ SVGSVGElement()SVGScriptElement: ƒ SVGScriptElement()SVGSetElement: ƒ SVGSetElement()SVGStopElement: ƒ SVGStopElement()SVGStringList: ƒ SVGStringList()SVGStyleElement: ƒ SVGStyleElement()SVGSwitchElement: ƒ SVGSwitchElement()SVGSymbolElement: ƒ SVGSymbolElement()SVGTSpanElement: ƒ SVGTSpanElement()SVGTextContentElement: ƒ SVGTextContentElement()SVGTextElement: ƒ SVGTextElement()SVGTextPathElement: ƒ SVGTextPathElement()SVGTextPositioningElement: ƒ SVGTextPositioningElement()SVGTitleElement: ƒ SVGTitleElement()SVGTransform: ƒ SVGTransform()SVGTransformList: ƒ SVGTransformList()SVGUnitTypes: ƒ SVGUnitTypes()SVGUseElement: ƒ SVGUseElement()SVGViewElement: ƒ SVGViewElement()Scheduler: ƒ Scheduler()Scheduling: ƒ Scheduling()Screen: ƒ Screen()ScreenOrientation: ƒ ScreenOrientation()ScriptProcessorNode: ƒ ScriptProcessorNode()ScrollTimeline: ƒ ScrollTimeline()SecurityPolicyViolationEvent: ƒ SecurityPolicyViolationEvent()Selection: ƒ Selection()Set: ƒ Set()ShadowRoot: ƒ ShadowRoot()SharedWorker: ƒ SharedWorker()SnapEvent: ƒ SnapEvent()SourceBuffer: ƒ SourceBuffer()SourceBufferList: ƒ SourceBufferList()SpeechSynthesis: ƒ SpeechSynthesis()SpeechSynthesisErrorEvent: ƒ SpeechSynthesisErrorEvent()SpeechSynthesisEvent: ƒ SpeechSynthesisEvent()SpeechSynthesisUtterance: ƒ SpeechSynthesisUtterance()SpeechSynthesisVoice: ƒ SpeechSynthesisVoice()StaticRange: ƒ StaticRange()StereoPannerNode: ƒ StereoPannerNode()Storage: ƒ Storage()StorageEvent: ƒ StorageEvent()String: ƒ String()StylePropertyMap: ƒ StylePropertyMap()StylePropertyMapReadOnly: ƒ StylePropertyMapReadOnly()StyleSheet: ƒ StyleSheet()StyleSheetList: ƒ StyleSheetList()SubmitEvent: ƒ SubmitEvent()Symbol: ƒ Symbol()SyncManager: ƒ SyncManager()SyntaxError: ƒ SyntaxError()TaskAttributionTiming: ƒ TaskAttributionTiming()TaskController: ƒ TaskController()TaskPriorityChangeEvent: ƒ TaskPriorityChangeEvent()TaskSignal: ƒ TaskSignal()Text: ƒ Text()TextDecoder: ƒ TextDecoder()TextDecoderStream: ƒ TextDecoderStream()TextEncoder: ƒ TextEncoder()TextEncoderStream: ƒ TextEncoderStream()TextEvent: ƒ TextEvent()TextFormat: ƒ TextFormat()TextFormatUpdateEvent: ƒ TextFormatUpdateEvent()TextMetrics: ƒ TextMetrics()TextTrack: ƒ TextTrack()TextTrackCue: ƒ TextTrackCue()TextTrackCueList: ƒ TextTrackCueList()TextTrackList: ƒ TextTrackList()TextUpdateEvent: ƒ TextUpdateEvent()TimeRanges: ƒ TimeRanges()ToggleEvent: ƒ ToggleEvent()Touch: ƒ Touch()TouchEvent: ƒ TouchEvent()TouchList: ƒ TouchList()TrackEvent: ƒ TrackEvent()TransformStream: ƒ TransformStream()TransformStreamDefaultController: ƒ TransformStreamDefaultController()TransitionEvent: ƒ TransitionEvent()TreeWalker: ƒ TreeWalker()TrustedHTML: ƒ TrustedHTML()TrustedScript: ƒ TrustedScript()TrustedScriptURL: ƒ TrustedScriptURL()TrustedTypePolicy: ƒ TrustedTypePolicy()TrustedTypePolicyFactory: ƒ TrustedTypePolicyFactory()TypeError: ƒ TypeError()UIEvent: ƒ UIEvent()URIError: ƒ URIError()URL: ƒ URL()URLPattern: ƒ URLPattern()URLSearchParams: ƒ URLSearchParams()Uint8Array: ƒ Uint8Array()Uint8ClampedArray: ƒ Uint8ClampedArray()Uint16Array: ƒ Uint16Array()Uint32Array: ƒ Uint32Array()UserActivation: ƒ UserActivation()VTTCue: ƒ VTTCue()ValidityState: ƒ ValidityState()VideoColorSpace: ƒ VideoColorSpace()VideoFrame: ƒ VideoFrame()VideoPlaybackQuality: ƒ VideoPlaybackQuality()ViewTimeline: ƒ ViewTimeline()ViewTransition: ƒ ViewTransition()ViewTransitionTypeSet: ƒ ViewTransitionTypeSet()VirtualKeyboardGeometryChangeEvent: ƒ VirtualKeyboardGeometryChangeEvent()VisibilityStateEntry: ƒ VisibilityStateEntry()VisualViewport: ƒ VisualViewport()WaveShaperNode: ƒ WaveShaperNode()WeakMap: ƒ WeakMap()WeakRef: ƒ WeakRef()WeakSet: ƒ WeakSet()WebAssembly: WebAssembly {compile: ƒ, validate: ƒ, instantiate: ƒ, compileStreaming: ƒ, instantiateStreaming: ƒ, …}WebGL2RenderingContext: ƒ WebGL2RenderingContext()WebGLActiveInfo: ƒ WebGLActiveInfo()WebGLBuffer: ƒ WebGLBuffer()WebGLContextEvent: ƒ WebGLContextEvent()WebGLFramebuffer: ƒ WebGLFramebuffer()WebGLObject: ƒ WebGLObject()WebGLProgram: ƒ WebGLProgram()WebGLQuery: ƒ WebGLQuery()WebGLRenderbuffer: ƒ WebGLRenderbuffer()WebGLRenderingContext: ƒ WebGLRenderingContext()WebGLSampler: ƒ WebGLSampler()WebGLShader: ƒ WebGLShader()WebGLShaderPrecisionFormat: ƒ WebGLShaderPrecisionFormat()WebGLSync: ƒ WebGLSync()WebGLTexture: ƒ WebGLTexture()WebGLTransformFeedback: ƒ WebGLTransformFeedback()WebGLUniformLocation: ƒ WebGLUniformLocation()WebGLVertexArrayObject: ƒ WebGLVertexArrayObject()WebKitCSSMatrix: ƒ DOMMatrix()WebKitMutationObserver: ƒ MutationObserver()WebSocket: ƒ WebSocket()WebSocketError: ƒ WebSocketError()WebSocketStream: ƒ WebSocketStream()WheelEvent: ƒ WheelEvent()Window: ƒ Window()WindowControlsOverlay: ƒ WindowControlsOverlay()WindowControlsOverlayGeometryChangeEvent: ƒ WindowControlsOverlayGeometryChangeEvent()Worker: ƒ Worker()WritableStream: ƒ WritableStream()WritableStreamDefaultController: ƒ WritableStreamDefaultController()WritableStreamDefaultWriter: ƒ WritableStreamDefaultWriter()XMLDocument: ƒ XMLDocument()XMLHttpRequest: ƒ XMLHttpRequest()XMLHttpRequestEventTarget: ƒ XMLHttpRequestEventTarget()XMLHttpRequestUpload: ƒ XMLHttpRequestUpload()XMLSerializer: ƒ XMLSerializer()XPathEvaluator: ƒ XPathEvaluator()XPathExpression: ƒ XPathExpression()XPathResult: ƒ XPathResult()XSLTProcessor: ƒ XSLTProcessor()console: console {debug: ƒ, error: ƒ, info: ƒ, log: ƒ, warn: ƒ, …}decodeURI: ƒ decodeURI()decodeURIComponent: ƒ decodeURIComponent()encodeURI: ƒ encodeURI()encodeURIComponent: ƒ encodeURIComponent()escape: ƒ escape()eval: ƒ eval()globalThis: Window {window: Window, self: Window, document: document, name: '', location: Location, …}isFinite: ƒ isFinite()isNaN: ƒ isNaN()offscreenBuffering: trueparseFloat: ƒ parseFloat()parseInt: ƒ parseInt()undefined: undefinedunescape: ƒ unescape()webkitMediaStream: ƒ MediaStream()webkitRTCPeerConnection: ƒ RTCPeerConnection()webkitSpeechGrammar: ƒ SpeechGrammar()webkitSpeechGrammarList: ƒ SpeechGrammarList()webkitSpeechRecognition: ƒ SpeechRecognition()webkitSpeechRecognitionError: ƒ SpeechRecognitionErrorEvent()webkitSpeechRecognitionEvent: ƒ SpeechRecognitionEvent()webkitURL: ƒ URL()get localStorage: ƒ localStorage()get sessionStorage: ƒ sessionStorage()[[Prototype]]: Window
var  r;
undefined
r;
89
var arrow = (a , b)=> {
    console.log(y);
    var y = 90;
    console.log(a + b , "HEllo");
    return a  + b;
};
undefined
console.log(c);
let c = 90;
VM1832:1 Uncaught ReferenceError: c is not defined
    at <anonymous>:1:13
(anonymous) @ VM1832:1
{
    name 
}
{name: ''}name: ""[[Prototype]]: Object
console.log(c);
let c = 90;
VM1868:1 Uncaught ReferenceError: c is not defined
    at <anonymous>:1:13
(anonymous) @ VM1868:1
