function show(func) {
    for(let i = 0;i<1000000;i++){
        for(let j = 0;j<100000;j++){
            
        }
    }
    
    
    func();    
}
undefined
function show(func) {
    for(let i = 0;i<1000;i++){
        for(let j = 0;j<1000;j++){
            
        }
    }
    
    
    func();    
}
undefined
show(()=>console.log("Func Call after the Show"));
VM39:1 Func Call after the Show
undefined
let price = [100 ,200,300,400,500];
undefined
// [90 , 180 ,270 , 360,450]
undefined
price.map((ele)=>ele * 0.9);
(5) [90, 180, 270, 360, 450]
price;
(5) [100, 200, 300, 400, 500]0: 1001: 2002: 3003: 4004: 500length: 5[[Prototype]]: Array(0)
let dp = price.map((ele)=>ele * 0.9);
undefined
dp;
(5) [90, 180, 270, 360, 450]
let dp = price.map((ele)=>ele * 0.9);
undefined
['100 Rs','200 Rs','300 Rs' , '400 Rs', '500 Rs'];
(5) ['100 Rs', '200 Rs', '300 Rs', '400 Rs', '500 Rs']0: "100 Rs"1: "200 Rs"2: "300 Rs"3: "400 Rs"4: "500 Rs"length: 5[[Prototype]]: Array(0)
12 +"hello";
'12hello'
NaN + NaN;
NaN
NaN == NaN;
false
NaN === NaN;
false
let dp = price.map((ele)=>ele + "Rs");
undefined
dp;
(5) ['100Rs', '200Rs', '300Rs', '400Rs', '500Rs']
let dp = price.map((ele)=>ele + " Rs");
undefined
price.filter((ele)=>ele <= 300);
(3) [100, 200, 300]0: 1001: 2002: 300length: 3[[Prototype]]: Array(0)
// reduce
undefined
